<?xml version="1.0" encoding="UTF-8"?>
<coverage generated="1644486412184" clover="3.2.0">
  <project timestamp="1644486412185" name="All files">
    <metrics statements="202" coveredstatements="166" conditionals="72" coveredconditionals="58" methods="63" coveredmethods="53" elements="337" coveredelements="277" complexity="0" loc="202" ncloc="202" packages="23" files="25" classes="25"/>
    <package name="src">
      <metrics statements="1" coveredstatements="1" conditionals="0" coveredconditionals="0" methods="1" coveredmethods="1"/>
      <file name="App.tsx" path="/home/kushas/Documents/Blinklist-app/src/App.tsx">
        <metrics statements="1" coveredstatements="1" conditionals="0" coveredconditionals="0" methods="1" coveredmethods="1"/>
        <line num="14" count="1" type="stmt"/>
      </file>
    </package>
    <package name="src.Themes">
      <metrics statements="3" coveredstatements="3" conditionals="0" coveredconditionals="0" methods="0" coveredmethods="0"/>
      <file name="main.tsx" path="/home/kushas/Documents/Blinklist-app/src/Themes/main.tsx">
        <metrics statements="1" coveredstatements="1" conditionals="0" coveredconditionals="0" methods="0" coveredmethods="0"/>
        <line num="58" count="8" type="stmt"/>
      </file>
      <file name="tabsTheme.tsx" path="/home/kushas/Documents/Blinklist-app/src/Themes/tabsTheme.tsx">
        <metrics statements="1" coveredstatements="1" conditionals="0" coveredconditionals="0" methods="0" coveredmethods="0"/>
        <line num="2" count="5" type="stmt"/>
      </file>
      <file name="theme.tsx" path="/home/kushas/Documents/Blinklist-app/src/Themes/theme.tsx">
        <metrics statements="1" coveredstatements="1" conditionals="0" coveredconditionals="0" methods="0" coveredmethods="0"/>
        <line num="3" count="15" type="stmt"/>
      </file>
    </package>
    <package name="src.components.Pages.BookInfoPage">
      <metrics statements="44" coveredstatements="31" conditionals="12" coveredconditionals="9" methods="8" coveredmethods="6"/>
      <file name="index.tsx" path="/home/kushas/Documents/Blinklist-app/src/components/Pages/BookInfoPage/index.tsx">
        <metrics statements="44" coveredstatements="31" conditionals="12" coveredconditionals="9" methods="8" coveredmethods="6"/>
        <line num="15" count="3" type="stmt"/>
        <line num="74" count="3" type="stmt"/>
        <line num="75" count="13" type="stmt"/>
        <line num="76" count="13" type="stmt"/>
        <line num="77" count="13" type="stmt"/>
        <line num="91" count="13" type="stmt"/>
        <line num="92" count="13" type="stmt"/>
        <line num="94" count="13" type="stmt"/>
        <line num="95" count="13" type="stmt"/>
        <line num="96" count="2" type="stmt"/>
        <line num="98" count="13" type="stmt"/>
        <line num="99" count="4" type="stmt"/>
        <line num="100" count="12" type="stmt"/>
        <line num="102" count="12" type="cond" truecount="1" falsecount="1"/>
        <line num="103" count="0" type="stmt"/>
        <line num="104" count="0" type="stmt"/>
        <line num="107" count="4" type="stmt"/>
        <line num="109" count="13" type="stmt"/>
        <line num="110" count="4" type="stmt"/>
        <line num="111" count="4" type="stmt"/>
        <line num="112" count="4" type="stmt"/>
        <line num="113" count="4" type="stmt"/>
        <line num="115" count="4" type="stmt"/>
        <line num="116" count="4" type="stmt"/>
        <line num="119" count="13" type="stmt"/>
        <line num="120" count="0" type="stmt"/>
        <line num="121" count="0" type="stmt"/>
        <line num="123" count="0" type="stmt"/>
        <line num="125" count="0" type="stmt"/>
        <line num="126" count="0" type="stmt"/>
        <line num="127" count="0" type="stmt"/>
        <line num="128" count="0" type="stmt"/>
        <line num="129" count="0" type="stmt"/>
        <line num="136" count="0" type="stmt"/>
        <line num="137" count="0" type="stmt"/>
        <line num="139" count="0" type="stmt"/>
        <line num="142" count="13" type="stmt"/>
        <line num="143" count="5" type="cond" truecount="2" falsecount="0"/>
        <line num="144" count="3" type="stmt"/>
        <line num="158" count="2" type="cond" truecount="2" falsecount="0"/>
        <line num="159" count="1" type="stmt"/>
        <line num="166" count="1" type="cond" truecount="1" falsecount="1"/>
        <line num="167" count="1" type="stmt"/>
        <line num="176" count="13" type="cond" truecount="2" falsecount="0"/>
      </file>
    </package>
    <package name="src.components.Pages.EntrepreneurPage">
      <metrics statements="27" coveredstatements="22" conditionals="6" coveredconditionals="6" methods="7" coveredmethods="6"/>
      <file name="index.tsx" path="/home/kushas/Documents/Blinklist-app/src/components/Pages/EntrepreneurPage/index.tsx">
        <metrics statements="27" coveredstatements="22" conditionals="6" coveredconditionals="6" methods="7" coveredmethods="6"/>
        <line num="11" count="3" type="stmt"/>
        <line num="35" count="3" type="stmt"/>
        <line num="44" count="4" type="stmt"/>
        <line num="45" count="4" type="stmt"/>
        <line num="46" count="36" type="stmt"/>
        <line num="47" count="63" type="stmt"/>
        <line num="48" count="204" type="cond" truecount="2" falsecount="0"/>
        <line num="49" count="24" type="stmt"/>
        <line num="52" count="39" type="stmt"/>
        <line num="54" count="36" type="stmt"/>
        <line num="55" count="36" type="cond" truecount="2" falsecount="0"/>
        <line num="58" count="4" type="stmt"/>
        <line num="59" count="1" type="stmt"/>
        <line num="60" count="1" type="stmt"/>
        <line num="64" count="1" type="stmt"/>
        <line num="65" count="1" type="stmt"/>
        <line num="66" count="1" type="stmt"/>
        <line num="73" count="0" type="stmt"/>
        <line num="75" count="0" type="stmt"/>
        <line num="76" count="0" type="stmt"/>
        <line num="78" count="0" type="stmt"/>
        <line num="81" count="0" type="stmt"/>
        <line num="84" count="4" type="stmt"/>
        <line num="95" count="12" type="stmt"/>
        <line num="105" count="36" type="stmt"/>
        <line num="106" count="36" type="stmt"/>
        <line num="107" count="36" type="stmt"/>
      </file>
    </package>
    <package name="src.components.Pages.MyLibrary">
      <metrics statements="20" coveredstatements="20" conditionals="8" coveredconditionals="7" methods="5" coveredmethods="5"/>
      <file name="index.tsx" path="/home/kushas/Documents/Blinklist-app/src/components/Pages/MyLibrary/index.tsx">
        <metrics statements="20" coveredstatements="20" conditionals="8" coveredconditionals="7" methods="5" coveredmethods="5"/>
        <line num="9" count="3" type="stmt"/>
        <line num="17" count="3" type="stmt"/>
        <line num="18" count="5" type="stmt"/>
        <line num="19" count="5" type="stmt"/>
        <line num="21" count="5" type="stmt"/>
        <line num="31" count="5" type="stmt"/>
        <line num="32" count="5" type="stmt"/>
        <line num="33" count="1" type="stmt"/>
        <line num="36" count="5" type="stmt"/>
        <line num="37" count="5" type="cond" truecount="2" falsecount="0"/>
        <line num="38" count="1" type="stmt"/>
        <line num="39" count="4" type="cond" truecount="2" falsecount="0"/>
        <line num="40" count="3" type="stmt"/>
        <line num="41" count="9" type="stmt"/>
        <line num="42" count="9" type="stmt"/>
        <line num="60" count="1" type="cond" truecount="1" falsecount="1"/>
        <line num="62" count="1" type="stmt"/>
        <line num="63" count="5" type="stmt"/>
        <line num="64" count="5" type="stmt"/>
        <line num="84" count="5" type="stmt"/>
      </file>
    </package>
    <package name="src.components.Template">
      <metrics statements="22" coveredstatements="12" conditionals="9" coveredconditionals="2" methods="4" coveredmethods="3"/>
      <file name="TemplateComponent.tsx" path="/home/kushas/Documents/Blinklist-app/src/components/Template/TemplateComponent.tsx">
        <metrics statements="22" coveredstatements="12" conditionals="9" coveredconditionals="2" methods="4" coveredmethods="3"/>
        <line num="13" count="2" type="stmt"/>
        <line num="14" count="2" type="stmt"/>
        <line num="15" count="2" type="stmt"/>
        <line num="16" count="2" type="stmt"/>
        <line num="17" count="0" type="stmt"/>
        <line num="18" count="0" type="stmt"/>
        <line num="20" count="2" type="stmt"/>
        <line num="21" count="2" type="stmt"/>
        <line num="22" count="2" type="stmt"/>
        <line num="23" count="2" type="stmt"/>
        <line num="24" count="1" type="stmt"/>
        <line num="25" count="1" type="stmt"/>
        <line num="26" count="0" type="stmt"/>
        <line num="27" count="0" type="stmt"/>
        <line num="28" count="0" type="stmt"/>
        <line num="29" count="0" type="stmt"/>
        <line num="30" count="0" type="stmt"/>
        <line num="31" count="0" type="stmt"/>
        <line num="32" count="0" type="stmt"/>
        <line num="33" count="0" type="stmt"/>
        <line num="35" count="1" type="stmt"/>
        <line num="38" count="2" type="cond" truecount="2" falsecount="3"/>
      </file>
    </package>
    <package name="src.components.atoms.Avatar">
      <metrics statements="1" coveredstatements="1" conditionals="0" coveredconditionals="0" methods="1" coveredmethods="1"/>
      <file name="index.tsx" path="/home/kushas/Documents/Blinklist-app/src/components/atoms/Avatar/index.tsx">
        <metrics statements="1" coveredstatements="1" conditionals="0" coveredconditionals="0" methods="1" coveredmethods="1"/>
        <line num="6" count="2" type="stmt"/>
      </file>
    </package>
    <package name="src.components.atoms.Blank">
      <metrics statements="2" coveredstatements="2" conditionals="0" coveredconditionals="0" methods="1" coveredmethods="1"/>
      <file name="index.tsx" path="/home/kushas/Documents/Blinklist-app/src/components/atoms/Blank/index.tsx">
        <metrics statements="2" coveredstatements="2" conditionals="0" coveredconditionals="0" methods="1" coveredmethods="1"/>
        <line num="4" count="3" type="stmt"/>
        <line num="5" count="1" type="stmt"/>
      </file>
    </package>
    <package name="src.components.atoms.Button">
      <metrics statements="2" coveredstatements="2" conditionals="0" coveredconditionals="0" methods="1" coveredmethods="1"/>
      <file name="index.tsx" path="/home/kushas/Documents/Blinklist-app/src/components/atoms/Button/index.tsx">
        <metrics statements="2" coveredstatements="2" conditionals="0" coveredconditionals="0" methods="1" coveredmethods="1"/>
        <line num="7" count="5" type="stmt"/>
        <line num="8" count="15" type="stmt"/>
      </file>
    </package>
    <package name="src.components.atoms.Icon">
      <metrics statements="2" coveredstatements="2" conditionals="0" coveredconditionals="0" methods="1" coveredmethods="1"/>
      <file name="index.tsx" path="/home/kushas/Documents/Blinklist-app/src/components/atoms/Icon/index.tsx">
        <metrics statements="2" coveredstatements="2" conditionals="0" coveredconditionals="0" methods="1" coveredmethods="1"/>
        <line num="19" count="8" type="stmt"/>
        <line num="20" count="127" type="stmt"/>
      </file>
    </package>
    <package name="src.components.atoms.Input">
      <metrics statements="3" coveredstatements="3" conditionals="0" coveredconditionals="0" methods="1" coveredmethods="1"/>
      <file name="index.tsx" path="/home/kushas/Documents/Blinklist-app/src/components/atoms/Input/index.tsx">
        <metrics statements="3" coveredstatements="3" conditionals="0" coveredconditionals="0" methods="1" coveredmethods="1"/>
        <line num="3" count="6" type="stmt"/>
        <line num="4" count="10" type="stmt"/>
        <line num="5" count="10" type="stmt"/>
      </file>
    </package>
    <package name="src.components.atoms.ProgressBar">
      <metrics statements="3" coveredstatements="3" conditionals="0" coveredconditionals="0" methods="1" coveredmethods="1"/>
      <file name="index.tsx" path="/home/kushas/Documents/Blinklist-app/src/components/atoms/ProgressBar/index.tsx">
        <metrics statements="3" coveredstatements="3" conditionals="0" coveredconditionals="0" methods="1" coveredmethods="1"/>
        <line num="4" count="6" type="stmt"/>
        <line num="11" count="6" type="stmt"/>
        <line num="12" count="42" type="stmt"/>
      </file>
    </package>
    <package name="src.components.atoms.Typography">
      <metrics statements="2" coveredstatements="2" conditionals="0" coveredconditionals="0" methods="1" coveredmethods="1"/>
      <file name="index.tsx" path="/home/kushas/Documents/Blinklist-app/src/components/atoms/Typography/index.tsx">
        <metrics statements="2" coveredstatements="2" conditionals="0" coveredconditionals="0" methods="1" coveredmethods="1"/>
        <line num="25" count="14" type="stmt"/>
        <line num="26" count="436" type="stmt"/>
      </file>
    </package>
    <package name="src.components.atoms.images">
      <metrics statements="1" coveredstatements="1" conditionals="0" coveredconditionals="0" methods="1" coveredmethods="1"/>
      <file name="index.tsx" path="/home/kushas/Documents/Blinklist-app/src/components/atoms/images/index.tsx">
        <metrics statements="1" coveredstatements="1" conditionals="0" coveredconditionals="0" methods="1" coveredmethods="1"/>
        <line num="20" count="69" type="stmt"/>
      </file>
    </package>
    <package name="src.components.molecules.Banner1">
      <metrics statements="1" coveredstatements="1" conditionals="0" coveredconditionals="0" methods="1" coveredmethods="1"/>
      <file name="index.tsx" path="/home/kushas/Documents/Blinklist-app/src/components/molecules/Banner1/index.tsx">
        <metrics statements="1" coveredstatements="1" conditionals="0" coveredconditionals="0" methods="1" coveredmethods="1"/>
        <line num="11" count="5" type="stmt"/>
      </file>
    </package>
    <package name="src.components.molecules.Logo">
      <metrics statements="2" coveredstatements="2" conditionals="1" coveredconditionals="1" methods="1" coveredmethods="1"/>
      <file name="index.tsx" path="/home/kushas/Documents/Blinklist-app/src/components/molecules/Logo/index.tsx">
        <metrics statements="2" coveredstatements="2" conditionals="1" coveredconditionals="1" methods="1" coveredmethods="1"/>
        <line num="6" count="5" type="stmt"/>
        <line num="8" count="3" type="stmt"/>
      </file>
    </package>
    <package name="src.components.molecules.NavIcon">
      <metrics statements="5" coveredstatements="5" conditionals="6" coveredconditionals="6" methods="2" coveredmethods="2"/>
      <file name="index.tsx" path="/home/kushas/Documents/Blinklist-app/src/components/molecules/NavIcon/index.tsx">
        <metrics statements="5" coveredstatements="5" conditionals="6" coveredconditionals="6" methods="2" coveredmethods="2"/>
        <line num="4" count="4" type="stmt"/>
        <line num="5" count="137" type="stmt"/>
        <line num="7" count="137" type="stmt"/>
        <line num="8" count="2" type="stmt"/>
        <line num="10" count="137" type="stmt"/>
      </file>
    </package>
    <package name="src.components.molecules.Search">
      <metrics statements="13" coveredstatements="13" conditionals="7" coveredconditionals="7" methods="5" coveredmethods="5"/>
      <file name="index.tsx" path="/home/kushas/Documents/Blinklist-app/src/components/molecules/Search/index.tsx">
        <metrics statements="13" coveredstatements="13" conditionals="7" coveredconditionals="7" methods="5" coveredmethods="5"/>
        <line num="7" count="4" type="stmt"/>
        <line num="8" count="4" type="stmt"/>
        <line num="9" count="3" type="stmt"/>
        <line num="10" count="1" type="stmt"/>
        <line num="11" count="1" type="stmt"/>
        <line num="12" count="1" type="stmt"/>
        <line num="15" count="12" type="stmt"/>
        <line num="16" count="94" type="cond" truecount="2" falsecount="0"/>
        <line num="21" count="2" type="stmt"/>
        <line num="24" count="10" type="stmt"/>
        <line num="27" count="2" type="stmt"/>
        <line num="35" count="3" type="stmt"/>
        <line num="73" count="2" type="stmt"/>
      </file>
    </package>
    <package name="src.components.molecules.tabs">
      <metrics statements="8" coveredstatements="8" conditionals="2" coveredconditionals="2" methods="4" coveredmethods="4"/>
      <file name="index.tsx" path="/home/kushas/Documents/Blinklist-app/src/components/molecules/tabs/index.tsx">
        <metrics statements="8" coveredstatements="8" conditionals="2" coveredconditionals="2" methods="4" coveredmethods="4"/>
        <line num="9" count="9" type="stmt"/>
        <line num="19" count="13" type="stmt"/>
        <line num="20" count="13" type="cond" truecount="2" falsecount="0"/>
        <line num="21" count="13" type="stmt"/>
        <line num="22" count="4" type="stmt"/>
        <line num="23" count="4" type="stmt"/>
        <line num="26" count="13" type="stmt"/>
        <line num="39" count="31" type="stmt"/>
      </file>
    </package>
    <package name="src.components.organisms.Card">
      <metrics statements="8" coveredstatements="8" conditionals="17" coveredconditionals="16" methods="3" coveredmethods="3"/>
      <file name="index.tsx" path="/home/kushas/Documents/Blinklist-app/src/components/organisms/Card/index.tsx">
        <metrics statements="8" coveredstatements="8" conditionals="17" coveredconditionals="16" methods="3" coveredmethods="3"/>
        <line num="13" count="5" type="stmt"/>
        <line num="54" count="5" type="stmt"/>
        <line num="66" count="60" type="stmt"/>
        <line num="67" count="60" type="stmt"/>
        <line num="68" count="60" type="stmt"/>
        <line num="69" count="2" type="stmt"/>
        <line num="71" count="60" type="stmt"/>
        <line num="145" count="2" type="stmt"/>
      </file>
    </package>
    <package name="src.components.organisms.Explorer">
      <metrics statements="8" coveredstatements="8" conditionals="0" coveredconditionals="0" methods="3" coveredmethods="3"/>
      <file name="index.tsx" path="/home/kushas/Documents/Blinklist-app/src/components/organisms/Explorer/index.tsx">
        <metrics statements="8" coveredstatements="8" conditionals="0" coveredconditionals="0" methods="3" coveredmethods="3"/>
        <line num="14" count="5" type="stmt"/>
        <line num="24" count="3" type="stmt"/>
        <line num="58" count="3" type="stmt"/>
        <line num="59" count="6" type="stmt"/>
        <line num="60" count="5" type="stmt"/>
        <line num="62" count="5" type="stmt"/>
        <line num="169" count="5" type="stmt"/>
        <line num="184" count="130" type="stmt"/>
      </file>
    </package>
    <package name="src.components.organisms.Footer">
      <metrics statements="5" coveredstatements="5" conditionals="0" coveredconditionals="0" methods="3" coveredmethods="3"/>
      <file name="index.tsx" path="/home/kushas/Documents/Blinklist-app/src/components/organisms/Footer/index.tsx">
        <metrics statements="5" coveredstatements="5" conditionals="0" coveredconditionals="0" methods="3" coveredmethods="3"/>
        <line num="5" count="3" type="stmt"/>
        <line num="6" count="2" type="stmt"/>
        <line num="35" count="2" type="stmt"/>
        <line num="56" count="6" type="stmt"/>
        <line num="64" count="24" type="stmt"/>
      </file>
    </package>
    <package name="src.components.organisms.Header">
      <metrics statements="19" coveredstatements="11" conditionals="4" coveredconditionals="2" methods="8" coveredmethods="2"/>
      <file name="index.tsx" path="/home/kushas/Documents/Blinklist-app/src/components/organisms/Header/index.tsx">
        <metrics statements="19" coveredstatements="11" conditionals="4" coveredconditionals="2" methods="8" coveredmethods="2"/>
        <line num="18" count="3" type="stmt"/>
        <line num="19" count="1" type="stmt"/>
        <line num="20" count="1" type="stmt"/>
        <line num="21" count="1" type="stmt"/>
        <line num="22" count="1" type="stmt"/>
        <line num="23" count="1" type="stmt"/>
        <line num="24" count="0" type="stmt"/>
        <line num="26" count="1" type="stmt"/>
        <line num="27" count="0" type="stmt"/>
        <line num="29" count="1" type="stmt"/>
        <line num="30" count="0" type="stmt"/>
        <line num="32" count="1" type="stmt"/>
        <line num="33" count="0" type="stmt"/>
        <line num="35" count="1" type="stmt"/>
        <line num="62" count="0" type="stmt"/>
        <line num="63" count="0" type="stmt"/>
        <line num="70" count="0" type="stmt"/>
        <line num="71" count="0" type="stmt"/>
        <line num="147" count="2" type="stmt"/>
      </file>
    </package>
  </project>
</coverage>
