{"/home/kushas/Documents/Blinklist-app/src/App.tsx": {"path":"/home/kushas/Documents/Blinklist-app/src/App.tsx","statementMap":{"0":{"start":{"line":14,"column":2},"end":{"line":22,"column":4}}},"fnMap":{"0":{"name":"App","decl":{"start":{"line":13,"column":9},"end":{"line":13,"column":12}},"loc":{"start":{"line":13,"column":15},"end":{"line":23,"column":1}},"line":13}},"branchMap":{},"s":{"0":1},"f":{"0":1},"b":{},"_coverageSchema":"1a1c01bbd47fc00a2c39e90264f33305004495a9","hash":"450dcdab27c6a4a7fbbfbb8baf5ac924e8880986"}
,"/home/kushas/Documents/Blinklist-app/src/index.tsx": {"path":"/home/kushas/Documents/Blinklist-app/src/index.tsx","statementMap":{"0":{"start":{"line":7,"column":0},"end":{"line":12,"column":2}},"1":{"start":{"line":17,"column":0},"end":{"line":17,"column":18}}},"fnMap":{},"branchMap":{},"s":{"0":0,"1":0},"f":{},"b":{}}
,"/home/kushas/Documents/Blinklist-app/src/reportWebVitals.ts": {"path":"/home/kushas/Documents/Blinklist-app/src/reportWebVitals.ts","statementMap":{"0":{"start":{"line":3,"column":24},"end":{"line":13,"column":1}},"1":{"start":{"line":4,"column":2},"end":{"line":12,"column":3}},"2":{"start":{"line":5,"column":4},"end":{"line":11,"column":7}},"3":{"start":{"line":6,"column":6},"end":{"line":6,"column":26}},"4":{"start":{"line":7,"column":6},"end":{"line":7,"column":26}},"5":{"start":{"line":8,"column":6},"end":{"line":8,"column":26}},"6":{"start":{"line":9,"column":6},"end":{"line":9,"column":26}},"7":{"start":{"line":10,"column":6},"end":{"line":10,"column":27}}},"fnMap":{"0":{"name":"(anonymous_0)","decl":{"start":{"line":3,"column":24},"end":{"line":3,"column":25}},"loc":{"start":{"line":3,"column":57},"end":{"line":13,"column":1}},"line":3},"1":{"name":"(anonymous_1)","decl":{"start":{"line":5,"column":30},"end":{"line":5,"column":31}},"loc":{"start":{"line":5,"column":79},"end":{"line":11,"column":5}},"line":5}},"branchMap":{"0":{"loc":{"start":{"line":4,"column":2},"end":{"line":12,"column":3}},"type":"if","locations":[{"start":{"line":4,"column":2},"end":{"line":12,"column":3}},{"start":{},"end":{}}],"line":4},"1":{"loc":{"start":{"line":4,"column":6},"end":{"line":4,"column":52}},"type":"binary-expr","locations":[{"start":{"line":4,"column":6},"end":{"line":4,"column":17}},{"start":{"line":4,"column":21},"end":{"line":4,"column":52}}],"line":4}},"s":{"0":0,"1":0,"2":0,"3":0,"4":0,"5":0,"6":0,"7":0},"f":{"0":0,"1":0},"b":{"0":[0,0],"1":[0,0]}}
,"/home/kushas/Documents/Blinklist-app/src/Themes/main.tsx": {"path":"/home/kushas/Documents/Blinklist-app/src/Themes/main.tsx","statementMap":{"0":{"start":{"line":58,"column":16},"end":{"line":135,"column":2}}},"fnMap":{},"branchMap":{},"s":{"0":1},"f":{},"b":{},"_coverageSchema":"1a1c01bbd47fc00a2c39e90264f33305004495a9","hash":"7272ef146e32d5812858e07b91294d74a2efedb5"}
,"/home/kushas/Documents/Blinklist-app/src/Themes/tabsTheme.tsx": {"path":"/home/kushas/Documents/Blinklist-app/src/Themes/tabsTheme.tsx","statementMap":{"0":{"start":{"line":2,"column":18},"end":{"line":26,"column":2}}},"fnMap":{},"branchMap":{},"s":{"0":1},"f":{},"b":{},"_coverageSchema":"1a1c01bbd47fc00a2c39e90264f33305004495a9","hash":"996676da878de21d389646874d88f5730825f0dd"}
,"/home/kushas/Documents/Blinklist-app/src/Themes/theme.tsx": {"path":"/home/kushas/Documents/Blinklist-app/src/Themes/theme.tsx","statementMap":{"0":{"start":{"line":3,"column":20},"end":{"line":29,"column":4}}},"fnMap":{},"branchMap":{},"s":{"0":1},"f":{},"b":{},"_coverageSchema":"1a1c01bbd47fc00a2c39e90264f33305004495a9","hash":"8591698ec1ab1d1a5f604607af2ea42ef9acf843"}
,"/home/kushas/Documents/Blinklist-app/src/components/Pages/BookInfoPage/index.tsx": {"path":"/home/kushas/Documents/Blinklist-app/src/components/Pages/BookInfoPage/index.tsx","statementMap":{"0":{"start":{"line":15,"column":17},"end":{"line":72,"column":2}},"1":{"start":{"line":74,"column":26},"end":{"line":263,"column":1}},"2":{"start":{"line":75,"column":18},"end":{"line":75,"column":28}},"3":{"start":{"line":76,"column":21},"end":{"line":76,"column":32}},"4":{"start":{"line":77,"column":18},"end":{"line":90,"column":3}},"5":{"start":{"line":91,"column":36},"end":{"line":91,"column":62}},"6":{"start":{"line":92,"column":34},"end":{"line":92,"column":53}},"7":{"start":{"line":94,"column":4},"end":{"line":94,"column":27}},"8":{"start":{"line":95,"column":22},"end":{"line":97,"column":3}},"9":{"start":{"line":96,"column":4},"end":{"line":96,"column":24}},"10":{"start":{"line":98,"column":25},"end":{"line":108,"column":3}},"11":{"start":{"line":99,"column":4},"end":{"line":106,"column":5}},"12":{"start":{"line":100,"column":6},"end":{"line":100,"column":35}},"13":{"start":{"line":102,"column":6},"end":{"line":105,"column":7}},"14":{"start":{"line":103,"column":8},"end":{"line":103,"column":40}},"15":{"start":{"line":104,"column":8},"end":{"line":104,"column":15}},"16":{"start":{"line":107,"column":4},"end":{"line":107,"column":37}},"17":{"start":{"line":109,"column":2},"end":{"line":118,"column":9}},"18":{"start":{"line":110,"column":22},"end":{"line":114,"column":5}},"19":{"start":{"line":111,"column":21},"end":{"line":111,"column":74}},"20":{"start":{"line":112,"column":24},"end":{"line":112,"column":45}},"21":{"start":{"line":113,"column":6},"end":{"line":113,"column":29}},"22":{"start":{"line":115,"column":4},"end":{"line":115,"column":21}},"23":{"start":{"line":116,"column":4},"end":{"line":116,"column":22}},"24":{"start":{"line":119,"column":31},"end":{"line":140,"column":3}},"25":{"start":{"line":120,"column":4},"end":{"line":139,"column":5}},"26":{"start":{"line":121,"column":18},"end":{"line":123,"column":7}},"27":{"start":{"line":122,"column":23},"end":{"line":122,"column":41}},"28":{"start":{"line":124,"column":21},"end":{"line":124,"column":52}},"29":{"start":{"line":125,"column":6},"end":{"line":125,"column":48}},"30":{"start":{"line":126,"column":6},"end":{"line":126,"column":53}},"31":{"start":{"line":127,"column":6},"end":{"line":127,"column":26}},"32":{"start":{"line":128,"column":16},"end":{"line":134,"column":8}},"33":{"start":{"line":135,"column":6},"end":{"line":135,"column":23}},"34":{"start":{"line":136,"column":6},"end":{"line":136,"column":30}},"35":{"start":{"line":138,"column":6},"end":{"line":138,"column":26}},"36":{"start":{"line":141,"column":19},"end":{"line":174,"column":3}},"37":{"start":{"line":142,"column":4},"end":{"line":173,"column":5}},"38":{"start":{"line":143,"column":6},"end":{"line":156,"column":8}},"39":{"start":{"line":157,"column":11},"end":{"line":173,"column":5}},"40":{"start":{"line":158,"column":6},"end":{"line":164,"column":8}},"41":{"start":{"line":165,"column":11},"end":{"line":173,"column":5}},"42":{"start":{"line":166,"column":6},"end":{"line":172,"column":8}},"43":{"start":{"line":175,"column":2},"end":{"line":262,"column":4}}},"fnMap":{"0":{"name":"(anonymous_0)","decl":{"start":{"line":74,"column":26},"end":{"line":74,"column":27}},"loc":{"start":{"line":74,"column":60},"end":{"line":263,"column":1}},"line":74},"1":{"name":"(anonymous_1)","decl":{"start":{"line":95,"column":22},"end":{"line":95,"column":23}},"loc":{"start":{"line":95,"column":38},"end":{"line":97,"column":3}},"line":95},"2":{"name":"(anonymous_2)","decl":{"start":{"line":98,"column":25},"end":{"line":98,"column":26}},"loc":{"start":{"line":98,"column":31},"end":{"line":108,"column":3}},"line":98},"3":{"name":"(anonymous_3)","decl":{"start":{"line":109,"column":12},"end":{"line":109,"column":13}},"loc":{"start":{"line":109,"column":18},"end":{"line":118,"column":3}},"line":109},"4":{"name":"(anonymous_4)","decl":{"start":{"line":110,"column":22},"end":{"line":110,"column":23}},"loc":{"start":{"line":110,"column":46},"end":{"line":114,"column":5}},"line":110},"5":{"name":"(anonymous_5)","decl":{"start":{"line":119,"column":31},"end":{"line":119,"column":32}},"loc":{"start":{"line":119,"column":53},"end":{"line":140,"column":3}},"line":119},"6":{"name":"(anonymous_6)","decl":{"start":{"line":122,"column":8},"end":{"line":122,"column":9}},"loc":{"start":{"line":122,"column":23},"end":{"line":122,"column":41}},"line":122},"7":{"name":"(anonymous_7)","decl":{"start":{"line":141,"column":19},"end":{"line":141,"column":20}},"loc":{"start":{"line":141,"column":25},"end":{"line":174,"column":3}},"line":141}},"branchMap":{"0":{"loc":{"start":{"line":102,"column":6},"end":{"line":105,"column":7}},"type":"if","locations":[{"start":{"line":102,"column":6},"end":{"line":105,"column":7}},{"start":{},"end":{}}],"line":102},"1":{"loc":{"start":{"line":142,"column":4},"end":{"line":173,"column":5}},"type":"if","locations":[{"start":{"line":142,"column":4},"end":{"line":173,"column":5}},{"start":{"line":157,"column":11},"end":{"line":173,"column":5}}],"line":142},"2":{"loc":{"start":{"line":157,"column":11},"end":{"line":173,"column":5}},"type":"if","locations":[{"start":{"line":157,"column":11},"end":{"line":173,"column":5}},{"start":{"line":165,"column":11},"end":{"line":173,"column":5}}],"line":157},"3":{"loc":{"start":{"line":165,"column":11},"end":{"line":173,"column":5}},"type":"if","locations":[{"start":{"line":165,"column":11},"end":{"line":173,"column":5}},{"start":{},"end":{}}],"line":165},"4":{"loc":{"start":{"line":175,"column":9},"end":{"line":262,"column":3}},"type":"cond-expr","locations":[{"start":{"line":176,"column":4},"end":{"line":176,"column":24}},{"start":{"line":178,"column":4},"end":{"line":261,"column":16}}],"line":175},"5":{"loc":{"start":{"line":233,"column":13},"end":{"line":244,"column":13}},"type":"cond-expr","locations":[{"start":{"line":234,"column":14},"end":{"line":241,"column":16}},{"start":{"line":243,"column":14},"end":{"line":243,"column":16}}],"line":233}},"s":{"0":1,"1":1,"2":0,"3":0,"4":0,"5":0,"6":0,"7":0,"8":0,"9":0,"10":0,"11":0,"12":0,"13":0,"14":0,"15":0,"16":0,"17":0,"18":0,"19":0,"20":0,"21":0,"22":0,"23":0,"24":0,"25":0,"26":0,"27":0,"28":0,"29":0,"30":0,"31":0,"32":0,"33":0,"34":0,"35":0,"36":0,"37":0,"38":0,"39":0,"40":0,"41":0,"42":0,"43":0},"f":{"0":0,"1":0,"2":0,"3":0,"4":0,"5":0,"6":0,"7":0},"b":{"0":[0,0],"1":[0,0],"2":[0,0],"3":[0,0],"4":[0,0],"5":[0,0]},"_coverageSchema":"1a1c01bbd47fc00a2c39e90264f33305004495a9","hash":"fdf01ce7d4807fb02da02c35973f83d87e0836c5"}
,"/home/kushas/Documents/Blinklist-app/src/components/Pages/EntrepreneurPage/index.tsx": {"path":"/home/kushas/Documents/Blinklist-app/src/components/Pages/EntrepreneurPage/index.tsx","statementMap":{"0":{"start":{"line":11,"column":18},"end":{"line":33,"column":2}},"1":{"start":{"line":35,"column":25},"end":{"line":131,"column":1}},"2":{"start":{"line":44,"column":18},"end":{"line":44,"column":29}},"3":{"start":{"line":45,"column":25},"end":{"line":56,"column":3}},"4":{"start":{"line":46,"column":18},"end":{"line":53,"column":5}},"5":{"start":{"line":47,"column":6},"end":{"line":51,"column":7}},"6":{"start":{"line":48,"column":8},"end":{"line":50,"column":9}},"7":{"start":{"line":49,"column":10},"end":{"line":49,"column":63}},"8":{"start":{"line":52,"column":6},"end":{"line":52,"column":31}},"9":{"start":{"line":54,"column":21},"end":{"line":54,"column":54}},"10":{"start":{"line":55,"column":4},"end":{"line":55,"column":74}},"11":{"start":{"line":58,"column":25},"end":{"line":83,"column":3}},"12":{"start":{"line":59,"column":4},"end":{"line":82,"column":5}},"13":{"start":{"line":60,"column":6},"end":{"line":63,"column":9}},"14":{"start":{"line":64,"column":6},"end":{"line":64,"column":26}},"15":{"start":{"line":65,"column":6},"end":{"line":65,"column":26}},"16":{"start":{"line":66,"column":16},"end":{"line":72,"column":8}},"17":{"start":{"line":73,"column":6},"end":{"line":73,"column":30}},"18":{"start":{"line":75,"column":6},"end":{"line":75,"column":27}},"19":{"start":{"line":76,"column":6},"end":{"line":80,"column":8}},"20":{"start":{"line":78,"column":29},"end":{"line":78,"column":51}},"21":{"start":{"line":81,"column":6},"end":{"line":81,"column":17}},"22":{"start":{"line":84,"column":2},"end":{"line":130,"column":4}},"23":{"start":{"line":95,"column":10},"end":{"line":126,"column":12}},"24":{"start":{"line":105,"column":20},"end":{"line":105,"column":50}},"25":{"start":{"line":106,"column":38},"end":{"line":106,"column":65}},"26":{"start":{"line":107,"column":20},"end":{"line":121,"column":22}}},"fnMap":{"0":{"name":"(anonymous_0)","decl":{"start":{"line":35,"column":25},"end":{"line":35,"column":26}},"loc":{"start":{"line":43,"column":11},"end":{"line":131,"column":1}},"line":43},"1":{"name":"(anonymous_1)","decl":{"start":{"line":45,"column":25},"end":{"line":45,"column":26}},"loc":{"start":{"line":45,"column":42},"end":{"line":56,"column":3}},"line":45},"2":{"name":"(anonymous_2)","decl":{"start":{"line":46,"column":18},"end":{"line":46,"column":19}},"loc":{"start":{"line":46,"column":33},"end":{"line":53,"column":5}},"line":46},"3":{"name":"(anonymous_3)","decl":{"start":{"line":58,"column":25},"end":{"line":58,"column":26}},"loc":{"start":{"line":58,"column":68},"end":{"line":83,"column":3}},"line":58},"4":{"name":"(anonymous_4)","decl":{"start":{"line":78,"column":10},"end":{"line":78,"column":11}},"loc":{"start":{"line":78,"column":29},"end":{"line":78,"column":51}},"line":78},"5":{"name":"(anonymous_5)","decl":{"start":{"line":94,"column":18},"end":{"line":94,"column":19}},"loc":{"start":{"line":94,"column":33},"end":{"line":127,"column":9}},"line":94},"6":{"name":"(anonymous_6)","decl":{"start":{"line":104,"column":33},"end":{"line":104,"column":34}},"loc":{"start":{"line":104,"column":52},"end":{"line":122,"column":19}},"line":104}},"branchMap":{"0":{"loc":{"start":{"line":48,"column":8},"end":{"line":50,"column":9}},"type":"if","locations":[{"start":{"line":48,"column":8},"end":{"line":50,"column":9}},{"start":{},"end":{}}],"line":48},"1":{"loc":{"start":{"line":55,"column":11},"end":{"line":55,"column":73}},"type":"cond-expr","locations":[{"start":{"line":55,"column":31},"end":{"line":55,"column":41}},{"start":{"line":55,"column":44},"end":{"line":55,"column":73}}],"line":55},"2":{"loc":{"start":{"line":101,"column":17},"end":{"line":123,"column":17}},"type":"cond-expr","locations":[{"start":{"line":102,"column":18},"end":{"line":102,"column":38}},{"start":{"line":104,"column":18},"end":{"line":122,"column":20}}],"line":101}},"s":{"0":1,"1":1,"2":0,"3":0,"4":0,"5":0,"6":0,"7":0,"8":0,"9":0,"10":0,"11":0,"12":0,"13":0,"14":0,"15":0,"16":0,"17":0,"18":0,"19":0,"20":0,"21":0,"22":0,"23":0,"24":0,"25":0,"26":0},"f":{"0":0,"1":0,"2":0,"3":0,"4":0,"5":0,"6":0},"b":{"0":[0,0],"1":[0,0],"2":[0,0]},"_coverageSchema":"1a1c01bbd47fc00a2c39e90264f33305004495a9","hash":"4791d5d52478500fa670cf385ff15569bfc56e26"}
,"/home/kushas/Documents/Blinklist-app/src/components/Pages/MyLibrary/index.tsx": {"path":"/home/kushas/Documents/Blinklist-app/src/components/Pages/MyLibrary/index.tsx","statementMap":{"0":{"start":{"line":9,"column":17},"end":{"line":15,"column":2}},"1":{"start":{"line":17,"column":18},"end":{"line":105,"column":1}},"2":{"start":{"line":18,"column":18},"end":{"line":18,"column":28}},"3":{"start":{"line":19,"column":13},"end":{"line":19,"column":20}},"4":{"start":{"line":21,"column":18},"end":{"line":30,"column":3}},"5":{"start":{"line":31,"column":36},"end":{"line":31,"column":62}},"6":{"start":{"line":32,"column":22},"end":{"line":34,"column":3}},"7":{"start":{"line":33,"column":4},"end":{"line":33,"column":24}},"8":{"start":{"line":36,"column":16},"end":{"line":81,"column":3}},"9":{"start":{"line":37,"column":4},"end":{"line":80,"column":5}},"10":{"start":{"line":38,"column":6},"end":{"line":38,"column":34}},"11":{"start":{"line":40,"column":6},"end":{"line":79,"column":7}},"12":{"start":{"line":41,"column":8},"end":{"line":59,"column":11}},"13":{"start":{"line":42,"column":25},"end":{"line":42,"column":56}},"14":{"start":{"line":43,"column":10},"end":{"line":58,"column":12}},"15":{"start":{"line":60,"column":13},"end":{"line":79,"column":7}},"16":{"start":{"line":62,"column":8},"end":{"line":78,"column":11}},"17":{"start":{"line":63,"column":25},"end":{"line":63,"column":56}},"18":{"start":{"line":64,"column":10},"end":{"line":77,"column":12}},"19":{"start":{"line":83,"column":2},"end":{"line":104,"column":4}}},"fnMap":{"0":{"name":"(anonymous_0)","decl":{"start":{"line":17,"column":18},"end":{"line":17,"column":19}},"loc":{"start":{"line":17,"column":69},"end":{"line":105,"column":1}},"line":17},"1":{"name":"(anonymous_1)","decl":{"start":{"line":32,"column":22},"end":{"line":32,"column":23}},"loc":{"start":{"line":32,"column":41},"end":{"line":34,"column":3}},"line":32},"2":{"name":"(anonymous_2)","decl":{"start":{"line":36,"column":16},"end":{"line":36,"column":17}},"loc":{"start":{"line":36,"column":22},"end":{"line":81,"column":3}},"line":36},"3":{"name":"(anonymous_3)","decl":{"start":{"line":41,"column":41},"end":{"line":41,"column":42}},"loc":{"start":{"line":41,"column":56},"end":{"line":59,"column":9}},"line":41},"4":{"name":"(anonymous_4)","decl":{"start":{"line":62,"column":37},"end":{"line":62,"column":38}},"loc":{"start":{"line":62,"column":52},"end":{"line":78,"column":9}},"line":62}},"branchMap":{"0":{"loc":{"start":{"line":37,"column":4},"end":{"line":80,"column":5}},"type":"if","locations":[{"start":{"line":37,"column":4},"end":{"line":80,"column":5}},{"start":{"line":39,"column":11},"end":{"line":80,"column":5}}],"line":37},"1":{"loc":{"start":{"line":40,"column":6},"end":{"line":79,"column":7}},"type":"if","locations":[{"start":{"line":40,"column":6},"end":{"line":79,"column":7}},{"start":{"line":60,"column":13},"end":{"line":79,"column":7}}],"line":40},"2":{"loc":{"start":{"line":44,"column":12},"end":{"line":57,"column":13}},"type":"binary-expr","locations":[{"start":{"line":44,"column":12},"end":{"line":44,"column":20}},{"start":{"line":45,"column":14},"end":{"line":56,"column":16}}],"line":44},"3":{"loc":{"start":{"line":60,"column":13},"end":{"line":79,"column":7}},"type":"if","locations":[{"start":{"line":60,"column":13},"end":{"line":79,"column":7}},{"start":{},"end":{}}],"line":60}},"s":{"0":1,"1":1,"2":0,"3":0,"4":0,"5":0,"6":0,"7":0,"8":0,"9":0,"10":0,"11":0,"12":0,"13":0,"14":0,"15":0,"16":0,"17":0,"18":0,"19":0},"f":{"0":0,"1":0,"2":0,"3":0,"4":0},"b":{"0":[0,0],"1":[0,0],"2":[0,0],"3":[0,0]},"_coverageSchema":"1a1c01bbd47fc00a2c39e90264f33305004495a9","hash":"d98691b4a97c9d05bf8fac92881cd351648bb3ba"}
,"/home/kushas/Documents/Blinklist-app/src/components/Template/TemplateComponent.tsx": {"path":"/home/kushas/Documents/Blinklist-app/src/components/Template/TemplateComponent.tsx","statementMap":{"0":{"start":{"line":13,"column":26},"end":{"line":108,"column":1}},"1":{"start":{"line":14,"column":44},"end":{"line":14,"column":68}},"2":{"start":{"line":15,"column":40},"end":{"line":15,"column":64}},"3":{"start":{"line":16,"column":28},"end":{"line":19,"column":3}},"4":{"start":{"line":17,"column":4},"end":{"line":17,"column":37}},"5":{"start":{"line":18,"column":4},"end":{"line":18,"column":35}},"6":{"start":{"line":20,"column":28},"end":{"line":20,"column":47}},"7":{"start":{"line":21,"column":26},"end":{"line":21,"column":45}},"8":{"start":{"line":22,"column":32},"end":{"line":22,"column":51}},"9":{"start":{"line":23,"column":2},"end":{"line":36,"column":9}},"10":{"start":{"line":24,"column":22},"end":{"line":34,"column":5}},"11":{"start":{"line":25,"column":21},"end":{"line":25,"column":63}},"12":{"start":{"line":26,"column":18},"end":{"line":26,"column":39}},"13":{"start":{"line":27,"column":6},"end":{"line":27,"column":21}},"14":{"start":{"line":28,"column":6},"end":{"line":28,"column":62}},"15":{"start":{"line":29,"column":21},"end":{"line":29,"column":42}},"16":{"start":{"line":30,"column":6},"end":{"line":30,"column":27}},"17":{"start":{"line":31,"column":6},"end":{"line":31,"column":60}},"18":{"start":{"line":32,"column":19},"end":{"line":32,"column":40}},"19":{"start":{"line":33,"column":6},"end":{"line":33,"column":23}},"20":{"start":{"line":35,"column":4},"end":{"line":35,"column":16}},"21":{"start":{"line":38,"column":2},"end":{"line":107,"column":4}}},"fnMap":{"0":{"name":"(anonymous_0)","decl":{"start":{"line":13,"column":26},"end":{"line":13,"column":27}},"loc":{"start":{"line":13,"column":32},"end":{"line":108,"column":1}},"line":13},"1":{"name":"(anonymous_1)","decl":{"start":{"line":16,"column":28},"end":{"line":16,"column":29}},"loc":{"start":{"line":16,"column":34},"end":{"line":19,"column":3}},"line":16},"2":{"name":"(anonymous_2)","decl":{"start":{"line":23,"column":12},"end":{"line":23,"column":13}},"loc":{"start":{"line":23,"column":18},"end":{"line":36,"column":3}},"line":23},"3":{"name":"(anonymous_3)","decl":{"start":{"line":24,"column":22},"end":{"line":24,"column":23}},"loc":{"start":{"line":24,"column":34},"end":{"line":34,"column":5}},"line":24}},"branchMap":{"0":{"loc":{"start":{"line":38,"column":9},"end":{"line":107,"column":3}},"type":"cond-expr","locations":[{"start":{"line":39,"column":4},"end":{"line":48,"column":16}},{"start":{"line":50,"column":4},"end":{"line":106,"column":10}}],"line":38},"1":{"loc":{"start":{"line":38,"column":9},"end":{"line":38,"column":36}},"type":"binary-expr","locations":[{"start":{"line":38,"column":9},"end":{"line":38,"column":14}},{"start":{"line":38,"column":18},"end":{"line":38,"column":26}},{"start":{"line":38,"column":30},"end":{"line":38,"column":36}}],"line":38},"2":{"loc":{"start":{"line":102,"column":11},"end":{"line":102,"column":43}},"type":"cond-expr","locations":[{"start":{"line":102,"column":27},"end":{"line":102,"column":38}},{"start":{"line":102,"column":41},"end":{"line":102,"column":43}}],"line":102},"3":{"loc":{"start":{"line":105,"column":7},"end":{"line":105,"column":35}},"type":"cond-expr","locations":[{"start":{"line":105,"column":21},"end":{"line":105,"column":30}},{"start":{"line":105,"column":33},"end":{"line":105,"column":35}}],"line":105}},"s":{"0":1,"1":1,"2":1,"3":1,"4":0,"5":0,"6":1,"7":1,"8":1,"9":1,"10":1,"11":1,"12":0,"13":0,"14":0,"15":0,"16":0,"17":0,"18":0,"19":0,"20":1,"21":1},"f":{"0":1,"1":0,"2":1,"3":1},"b":{"0":[1,0],"1":[1,0,0],"2":[0,0],"3":[0,0]},"_coverageSchema":"1a1c01bbd47fc00a2c39e90264f33305004495a9","hash":"987972bc3b1b62e43a9819311b550df69ce2be91"}
,"/home/kushas/Documents/Blinklist-app/src/components/atoms/Avatar/index.stories.tsx": {"path":"/home/kushas/Documents/Blinklist-app/src/components/atoms/Avatar/index.stories.tsx","statementMap":{"0":{"start":{"line":9,"column":57},"end":{"line":11,"column":1}},"1":{"start":{"line":10,"column":4},"end":{"line":10,"column":54}},"2":{"start":{"line":13,"column":29},"end":{"line":13,"column":52}},"3":{"start":{"line":14,"column":0},"end":{"line":16,"column":2}}},"fnMap":{"0":{"name":"(anonymous_0)","decl":{"start":{"line":9,"column":57},"end":{"line":9,"column":58}},"loc":{"start":{"line":10,"column":4},"end":{"line":10,"column":54}},"line":10}},"branchMap":{},"s":{"0":0,"1":0,"2":0,"3":0},"f":{"0":0},"b":{}}
,"/home/kushas/Documents/Blinklist-app/src/components/atoms/Avatar/index.tsx": {"path":"/home/kushas/Documents/Blinklist-app/src/components/atoms/Avatar/index.tsx","statementMap":{"0":{"start":{"line":6,"column":4},"end":{"line":8,"column":5}}},"fnMap":{"0":{"name":"AvatarComp","decl":{"start":{"line":5,"column":9},"end":{"line":5,"column":19}},"loc":{"start":{"line":5,"column":23},"end":{"line":9,"column":1}},"line":5}},"branchMap":{},"s":{"0":0},"f":{"0":0},"b":{},"_coverageSchema":"1a1c01bbd47fc00a2c39e90264f33305004495a9","hash":"7c2d0fefeaf824d17663c279946b70b180f7f59b"}
,"/home/kushas/Documents/Blinklist-app/src/components/atoms/Blank/index.stories.tsx": {"path":"/home/kushas/Documents/Blinklist-app/src/components/atoms/Blank/index.stories.tsx","statementMap":{},"fnMap":{},"branchMap":{},"s":{},"f":{},"b":{}}
,"/home/kushas/Documents/Blinklist-app/src/components/atoms/Blank/index.tsx": {"path":"/home/kushas/Documents/Blinklist-app/src/components/atoms/Blank/index.tsx","statementMap":{"0":{"start":{"line":4,"column":23},"end":{"line":18,"column":1}},"1":{"start":{"line":5,"column":4},"end":{"line":17,"column":5}}},"fnMap":{"0":{"name":"(anonymous_0)","decl":{"start":{"line":4,"column":23},"end":{"line":4,"column":24}},"loc":{"start":{"line":4,"column":29},"end":{"line":18,"column":1}},"line":4}},"branchMap":{},"s":{"0":1,"1":0},"f":{"0":0},"b":{},"_coverageSchema":"1a1c01bbd47fc00a2c39e90264f33305004495a9","hash":"3d9bba1411fcff4f220f99ea675907f20f515a62"}
,"/home/kushas/Documents/Blinklist-app/src/components/atoms/Button/index.stories.tsx": {"path":"/home/kushas/Documents/Blinklist-app/src/components/atoms/Button/index.stories.tsx","statementMap":{"0":{"start":{"line":15,"column":64},"end":{"line":17,"column":3}},"1":{"start":{"line":16,"column":4},"end":{"line":16,"column":64}},"2":{"start":{"line":19,"column":31},"end":{"line":19,"column":54}},"3":{"start":{"line":20,"column":2},"end":{"line":24,"column":4}},"4":{"start":{"line":26,"column":33},"end":{"line":26,"column":56}},"5":{"start":{"line":27,"column":2},"end":{"line":31,"column":4}}},"fnMap":{"0":{"name":"(anonymous_0)","decl":{"start":{"line":15,"column":64},"end":{"line":15,"column":65}},"loc":{"start":{"line":16,"column":4},"end":{"line":16,"column":64}},"line":16}},"branchMap":{},"s":{"0":0,"1":0,"2":0,"3":0,"4":0,"5":0},"f":{"0":0},"b":{}}
,"/home/kushas/Documents/Blinklist-app/src/components/atoms/Button/index.tsx": {"path":"/home/kushas/Documents/Blinklist-app/src/components/atoms/Button/index.tsx","statementMap":{"0":{"start":{"line":7,"column":24},"end":{"line":15,"column":1}},"1":{"start":{"line":8,"column":4},"end":{"line":14,"column":5}}},"fnMap":{"0":{"name":"(anonymous_0)","decl":{"start":{"line":7,"column":24},"end":{"line":7,"column":25}},"loc":{"start":{"line":7,"column":40},"end":{"line":15,"column":1}},"line":7}},"branchMap":{},"s":{"0":1,"1":0},"f":{"0":0},"b":{},"_coverageSchema":"1a1c01bbd47fc00a2c39e90264f33305004495a9","hash":"2c99f26f7d4fc64a43268e23a1cdd026f8a9ef8d"}
,"/home/kushas/Documents/Blinklist-app/src/components/atoms/Icon/index.stories.tsx": {"path":"/home/kushas/Documents/Blinklist-app/src/components/atoms/Icon/index.stories.tsx","statementMap":{"0":{"start":{"line":36,"column":22},"end":{"line":39,"column":31}},"1":{"start":{"line":41,"column":50},"end":{"line":41,"column":116}},"2":{"start":{"line":41,"column":60},"end":{"line":41,"column":116}},"3":{"start":{"line":42,"column":51},"end":{"line":42,"column":104}},"4":{"start":{"line":42,"column":61},"end":{"line":42,"column":104}},"5":{"start":{"line":43,"column":53},"end":{"line":43,"column":101}},"6":{"start":{"line":43,"column":63},"end":{"line":43,"column":101}},"7":{"start":{"line":44,"column":51},"end":{"line":44,"column":95}},"8":{"start":{"line":44,"column":61},"end":{"line":44,"column":95}},"9":{"start":{"line":45,"column":53},"end":{"line":45,"column":94}},"10":{"start":{"line":45,"column":63},"end":{"line":45,"column":94}}},"fnMap":{"0":{"name":"(anonymous_0)","decl":{"start":{"line":41,"column":50},"end":{"line":41,"column":51}},"loc":{"start":{"line":41,"column":60},"end":{"line":41,"column":116}},"line":41},"1":{"name":"(anonymous_1)","decl":{"start":{"line":42,"column":51},"end":{"line":42,"column":52}},"loc":{"start":{"line":42,"column":61},"end":{"line":42,"column":104}},"line":42},"2":{"name":"(anonymous_2)","decl":{"start":{"line":43,"column":53},"end":{"line":43,"column":54}},"loc":{"start":{"line":43,"column":63},"end":{"line":43,"column":101}},"line":43},"3":{"name":"(anonymous_3)","decl":{"start":{"line":44,"column":51},"end":{"line":44,"column":52}},"loc":{"start":{"line":44,"column":61},"end":{"line":44,"column":95}},"line":44},"4":{"name":"(anonymous_4)","decl":{"start":{"line":45,"column":53},"end":{"line":45,"column":54}},"loc":{"start":{"line":45,"column":63},"end":{"line":45,"column":94}},"line":45}},"branchMap":{},"s":{"0":0,"1":0,"2":0,"3":0,"4":0,"5":0,"6":0,"7":0,"8":0,"9":0,"10":0},"f":{"0":0,"1":0,"2":0,"3":0,"4":0},"b":{}}
,"/home/kushas/Documents/Blinklist-app/src/components/atoms/Icon/index.tsx": {"path":"/home/kushas/Documents/Blinklist-app/src/components/atoms/Icon/index.tsx","statementMap":{"0":{"start":{"line":19,"column":22},"end":{"line":25,"column":1}},"1":{"start":{"line":20,"column":4},"end":{"line":24,"column":6}}},"fnMap":{"0":{"name":"(anonymous_0)","decl":{"start":{"line":19,"column":22},"end":{"line":19,"column":23}},"loc":{"start":{"line":19,"column":47},"end":{"line":25,"column":1}},"line":19}},"branchMap":{},"s":{"0":1,"1":0},"f":{"0":0},"b":{},"_coverageSchema":"1a1c01bbd47fc00a2c39e90264f33305004495a9","hash":"4fddf147b715828727e909a2437a77cc9110cf83"}
,"/home/kushas/Documents/Blinklist-app/src/components/atoms/Input/index.stories.tsx": {"path":"/home/kushas/Documents/Blinklist-app/src/components/atoms/Input/index.stories.tsx","statementMap":{"0":{"start":{"line":6,"column":23},"end":{"line":9,"column":32}},"1":{"start":{"line":11,"column":14},"end":{"line":17,"column":2}},"2":{"start":{"line":20,"column":55},"end":{"line":22,"column":1}},"3":{"start":{"line":21,"column":4},"end":{"line":21,"column":24}},"4":{"start":{"line":24,"column":0},"end":{"line":27,"column":1}},"5":{"start":{"line":29,"column":0},"end":{"line":35,"column":4}},"6":{"start":{"line":31,"column":6},"end":{"line":33,"column":22}}},"fnMap":{"0":{"name":"(anonymous_0)","decl":{"start":{"line":20,"column":55},"end":{"line":20,"column":56}},"loc":{"start":{"line":21,"column":4},"end":{"line":21,"column":24}},"line":21},"1":{"name":"(anonymous_1)","decl":{"start":{"line":30,"column":4},"end":{"line":30,"column":5}},"loc":{"start":{"line":31,"column":6},"end":{"line":33,"column":22}},"line":31}},"branchMap":{},"s":{"0":0,"1":0,"2":0,"3":0,"4":0,"5":0,"6":0},"f":{"0":0,"1":0},"b":{}}
,"/home/kushas/Documents/Blinklist-app/src/components/atoms/Input/index.tsx": {"path":"/home/kushas/Documents/Blinklist-app/src/components/atoms/Input/index.tsx","statementMap":{"0":{"start":{"line":3,"column":23},"end":{"line":17,"column":1}},"1":{"start":{"line":4,"column":22},"end":{"line":4,"column":52}},"2":{"start":{"line":5,"column":4},"end":{"line":16,"column":5}}},"fnMap":{"0":{"name":"(anonymous_0)","decl":{"start":{"line":3,"column":23},"end":{"line":3,"column":24}},"loc":{"start":{"line":3,"column":63},"end":{"line":17,"column":1}},"line":3}},"branchMap":{},"s":{"0":1,"1":0,"2":0},"f":{"0":0},"b":{},"_coverageSchema":"1a1c01bbd47fc00a2c39e90264f33305004495a9","hash":"4e48fc4e29bf80ebd1192d3d54a9b3724a6aa33d"}
,"/home/kushas/Documents/Blinklist-app/src/components/atoms/ProgressBar/index.stories.tsx": {"path":"/home/kushas/Documents/Blinklist-app/src/components/atoms/ProgressBar/index.stories.tsx","statementMap":{"0":{"start":{"line":5,"column":29},"end":{"line":8,"column":42}},"1":{"start":{"line":10,"column":66},"end":{"line":12,"column":5}},"2":{"start":{"line":11,"column":8},"end":{"line":11,"column":34}},"3":{"start":{"line":14,"column":4},"end":{"line":18,"column":5}}},"fnMap":{"0":{"name":"(anonymous_0)","decl":{"start":{"line":10,"column":66},"end":{"line":10,"column":67}},"loc":{"start":{"line":11,"column":8},"end":{"line":11,"column":34}},"line":11}},"branchMap":{},"s":{"0":0,"1":0,"2":0,"3":0},"f":{"0":0},"b":{}}
,"/home/kushas/Documents/Blinklist-app/src/components/atoms/ProgressBar/index.tsx": {"path":"/home/kushas/Documents/Blinklist-app/src/components/atoms/ProgressBar/index.tsx","statementMap":{"0":{"start":{"line":4,"column":0},"end":{"line":9,"column":1}},"1":{"start":{"line":11,"column":29},"end":{"line":15,"column":1}},"2":{"start":{"line":12,"column":4},"end":{"line":14,"column":5}}},"fnMap":{"0":{"name":"(anonymous_0)","decl":{"start":{"line":11,"column":29},"end":{"line":11,"column":30}},"loc":{"start":{"line":11,"column":56},"end":{"line":15,"column":1}},"line":11}},"branchMap":{},"s":{"0":1,"1":1,"2":0},"f":{"0":0},"b":{},"_coverageSchema":"1a1c01bbd47fc00a2c39e90264f33305004495a9","hash":"c7ececbd64b0dc209ea5acf5c5c032d64c0704bd"}
,"/home/kushas/Documents/Blinklist-app/src/components/atoms/Typography/index.stories.tsx": {"path":"/home/kushas/Documents/Blinklist-app/src/components/atoms/Typography/index.stories.tsx","statementMap":{"0":{"start":{"line":4,"column":28},"end":{"line":7,"column":39}},"1":{"start":{"line":15,"column":62},"end":{"line":15,"column":95}},"2":{"start":{"line":15,"column":72},"end":{"line":15,"column":95}},"3":{"start":{"line":17,"column":0},"end":{"line":22,"column":1}}},"fnMap":{"0":{"name":"(anonymous_0)","decl":{"start":{"line":15,"column":62},"end":{"line":15,"column":63}},"loc":{"start":{"line":15,"column":72},"end":{"line":15,"column":95}},"line":15}},"branchMap":{},"s":{"0":0,"1":0,"2":0,"3":0},"f":{"0":0},"b":{}}
,"/home/kushas/Documents/Blinklist-app/src/components/atoms/Typography/index.tsx": {"path":"/home/kushas/Documents/Blinklist-app/src/components/atoms/Typography/index.tsx","statementMap":{"0":{"start":{"line":25,"column":29},"end":{"line":33,"column":1}},"1":{"start":{"line":26,"column":2},"end":{"line":32,"column":3}}},"fnMap":{"0":{"name":"(anonymous_0)","decl":{"start":{"line":25,"column":29},"end":{"line":25,"column":30}},"loc":{"start":{"line":25,"column":44},"end":{"line":33,"column":1}},"line":25}},"branchMap":{},"s":{"0":1,"1":0},"f":{"0":0},"b":{},"_coverageSchema":"1a1c01bbd47fc00a2c39e90264f33305004495a9","hash":"5457a7fef06e13196438af1c1a85622505ca9f5e"}
,"/home/kushas/Documents/Blinklist-app/src/components/atoms/images/index.stories.tsx": {"path":"/home/kushas/Documents/Blinklist-app/src/components/atoms/images/index.stories.tsx","statementMap":{"0":{"start":{"line":21,"column":23},"end":{"line":24,"column":32}},"1":{"start":{"line":26,"column":55},"end":{"line":26,"column":88}},"2":{"start":{"line":26,"column":69},"end":{"line":26,"column":88}},"3":{"start":{"line":28,"column":0},"end":{"line":33,"column":1}}},"fnMap":{"0":{"name":"(anonymous_0)","decl":{"start":{"line":26,"column":55},"end":{"line":26,"column":56}},"loc":{"start":{"line":26,"column":69},"end":{"line":26,"column":88}},"line":26}},"branchMap":{},"s":{"0":0,"1":0,"2":0,"3":0},"f":{"0":0},"b":{}}
,"/home/kushas/Documents/Blinklist-app/src/components/atoms/images/index.tsx": {"path":"/home/kushas/Documents/Blinklist-app/src/components/atoms/images/index.tsx","statementMap":{"0":{"start":{"line":20,"column":4},"end":{"line":23,"column":6}}},"fnMap":{"0":{"name":"Image","decl":{"start":{"line":19,"column":9},"end":{"line":19,"column":14}},"loc":{"start":{"line":19,"column":26},"end":{"line":24,"column":1}},"line":19}},"branchMap":{},"s":{"0":0},"f":{"0":0},"b":{},"_coverageSchema":"1a1c01bbd47fc00a2c39e90264f33305004495a9","hash":"502b142009abbde878c71287d5ac5b3f776d7d8e"}
,"/home/kushas/Documents/Blinklist-app/src/components/molecules/Banner1/index.tsx": {"path":"/home/kushas/Documents/Blinklist-app/src/components/molecules/Banner1/index.tsx","statementMap":{"0":{"start":{"line":11,"column":4},"end":{"line":53,"column":6}}},"fnMap":{"0":{"name":"Banner1","decl":{"start":{"line":10,"column":9},"end":{"line":10,"column":16}},"loc":{"start":{"line":10,"column":32},"end":{"line":54,"column":1}},"line":10}},"branchMap":{},"s":{"0":0},"f":{"0":0},"b":{},"_coverageSchema":"1a1c01bbd47fc00a2c39e90264f33305004495a9","hash":"cbe9658d98c9c02991d5a8f5fa230ae4ba8e588d"}
,"/home/kushas/Documents/Blinklist-app/src/components/molecules/Logo/index.stories.tsx": {"path":"/home/kushas/Documents/Blinklist-app/src/components/molecules/Logo/index.stories.tsx","statementMap":{"0":{"start":{"line":4,"column":22},"end":{"line":7,"column":31}},"1":{"start":{"line":9,"column":53},"end":{"line":9,"column":85}},"2":{"start":{"line":9,"column":67},"end":{"line":9,"column":85}},"3":{"start":{"line":11,"column":0},"end":{"line":15,"column":1}}},"fnMap":{"0":{"name":"(anonymous_0)","decl":{"start":{"line":9,"column":53},"end":{"line":9,"column":54}},"loc":{"start":{"line":9,"column":67},"end":{"line":9,"column":85}},"line":9}},"branchMap":{},"s":{"0":0,"1":0,"2":0,"3":0},"f":{"0":0},"b":{}}
,"/home/kushas/Documents/Blinklist-app/src/components/molecules/Logo/index.tsx": {"path":"/home/kushas/Documents/Blinklist-app/src/components/molecules/Logo/index.tsx","statementMap":{"0":{"start":{"line":6,"column":22},"end":{"line":20,"column":5}},"1":{"start":{"line":8,"column":8},"end":{"line":19,"column":10}}},"fnMap":{"0":{"name":"(anonymous_0)","decl":{"start":{"line":6,"column":22},"end":{"line":6,"column":23}},"loc":{"start":{"line":7,"column":42},"end":{"line":20,"column":5}},"line":7}},"branchMap":{"0":{"loc":{"start":{"line":7,"column":4},"end":{"line":7,"column":13}},"type":"default-arg","locations":[{"start":{"line":7,"column":11},"end":{"line":7,"column":13}}],"line":7}},"s":{"0":1,"1":0},"f":{"0":0},"b":{"0":[0]},"_coverageSchema":"1a1c01bbd47fc00a2c39e90264f33305004495a9","hash":"c457e93c608de4ab42ff9ed4e4b7442844385a1b"}
,"/home/kushas/Documents/Blinklist-app/src/components/molecules/NavIcon/index.tsx": {"path":"/home/kushas/Documents/Blinklist-app/src/components/molecules/NavIcon/index.tsx","statementMap":{"0":{"start":{"line":4,"column":25},"end":{"line":19,"column":1}},"1":{"start":{"line":5,"column":40},"end":{"line":5,"column":55}},"2":{"start":{"line":7,"column":31},"end":{"line":9,"column":5}},"3":{"start":{"line":8,"column":8},"end":{"line":8,"column":34}},"4":{"start":{"line":10,"column":4},"end":{"line":18,"column":5}}},"fnMap":{"0":{"name":"(anonymous_0)","decl":{"start":{"line":4,"column":25},"end":{"line":4,"column":26}},"loc":{"start":{"line":4,"column":39},"end":{"line":19,"column":1}},"line":4},"1":{"name":"(anonymous_1)","decl":{"start":{"line":7,"column":31},"end":{"line":7,"column":32}},"loc":{"start":{"line":7,"column":35},"end":{"line":9,"column":5}},"line":7}},"branchMap":{"0":{"loc":{"start":{"line":12,"column":17},"end":{"line":12,"column":53}},"type":"cond-expr","locations":[{"start":{"line":12,"column":34},"end":{"line":12,"column":48}},{"start":{"line":12,"column":51},"end":{"line":12,"column":53}}],"line":12},"1":{"loc":{"start":{"line":13,"column":115},"end":{"line":13,"column":146}},"type":"cond-expr","locations":[{"start":{"line":13,"column":127},"end":{"line":13,"column":134}},{"start":{"line":13,"column":137},"end":{"line":13,"column":146}}],"line":13},"2":{"loc":{"start":{"line":16,"column":17},"end":{"line":16,"column":55}},"type":"cond-expr","locations":[{"start":{"line":16,"column":35},"end":{"line":16,"column":50}},{"start":{"line":16,"column":53},"end":{"line":16,"column":55}}],"line":16}},"s":{"0":1,"1":0,"2":0,"3":0,"4":0},"f":{"0":0,"1":0},"b":{"0":[0,0],"1":[0,0],"2":[0,0]},"_coverageSchema":"1a1c01bbd47fc00a2c39e90264f33305004495a9","hash":"01f997c4389cc01b6225481812d484fbdae909c2"}
,"/home/kushas/Documents/Blinklist-app/src/components/molecules/Search/index.tsx": {"path":"/home/kushas/Documents/Blinklist-app/src/components/molecules/Search/index.tsx","statementMap":{"0":{"start":{"line":7,"column":24},"end":{"line":65,"column":1}},"1":{"start":{"line":8,"column":44},"end":{"line":8,"column":63}},"2":{"start":{"line":9,"column":29},"end":{"line":28,"column":5}},"3":{"start":{"line":10,"column":24},"end":{"line":10,"column":42}},"4":{"start":{"line":11,"column":8},"end":{"line":11,"column":39}},"5":{"start":{"line":12,"column":8},"end":{"line":27,"column":9}},"6":{"start":{"line":14,"column":16},"end":{"line":18,"column":17}},"7":{"start":{"line":15,"column":20},"end":{"line":17,"column":21}},"8":{"start":{"line":16,"column":24},"end":{"line":16,"column":36}},"9":{"start":{"line":19,"column":16},"end":{"line":19,"column":29}},"10":{"start":{"line":21,"column":16},"end":{"line":25,"column":17}},"11":{"start":{"line":29,"column":4},"end":{"line":64,"column":6}},"12":{"start":{"line":46,"column":13},"end":{"line":59,"column":19}}},"fnMap":{"0":{"name":"(anonymous_0)","decl":{"start":{"line":7,"column":24},"end":{"line":7,"column":25}},"loc":{"start":{"line":7,"column":40},"end":{"line":65,"column":1}},"line":7},"1":{"name":"(anonymous_1)","decl":{"start":{"line":9,"column":29},"end":{"line":9,"column":30}},"loc":{"start":{"line":9,"column":50},"end":{"line":28,"column":5}},"line":9},"2":{"name":"(anonymous_2)","decl":{"start":{"line":13,"column":31},"end":{"line":13,"column":32}},"loc":{"start":{"line":13,"column":49},"end":{"line":20,"column":13}},"line":13},"3":{"name":"(anonymous_3)","decl":{"start":{"line":20,"column":19},"end":{"line":20,"column":20}},"loc":{"start":{"line":20,"column":38},"end":{"line":26,"column":13}},"line":20},"4":{"name":"(anonymous_4)","decl":{"start":{"line":45,"column":49},"end":{"line":45,"column":50}},"loc":{"start":{"line":46,"column":13},"end":{"line":59,"column":19}},"line":46}},"branchMap":{"0":{"loc":{"start":{"line":15,"column":20},"end":{"line":17,"column":21}},"type":"if","locations":[{"start":{"line":15,"column":20},"end":{"line":17,"column":21}},{"start":{},"end":{}}],"line":15},"1":{"loc":{"start":{"line":15,"column":23},"end":{"line":15,"column":156}},"type":"binary-expr","locations":[{"start":{"line":15,"column":23},"end":{"line":15,"column":43}},{"start":{"line":15,"column":47},"end":{"line":15,"column":92}},{"start":{"line":15,"column":96},"end":{"line":15,"column":156}}],"line":15},"2":{"loc":{"start":{"line":45,"column":7},"end":{"line":60,"column":8}},"type":"binary-expr","locations":[{"start":{"line":45,"column":7},"end":{"line":45,"column":28}},{"start":{"line":45,"column":32},"end":{"line":60,"column":8}}],"line":45}},"s":{"0":1,"1":0,"2":0,"3":0,"4":0,"5":0,"6":0,"7":0,"8":0,"9":0,"10":0,"11":0,"12":0},"f":{"0":0,"1":0,"2":0,"3":0,"4":0},"b":{"0":[0,0],"1":[0,0,0],"2":[0,0]},"_coverageSchema":"1a1c01bbd47fc00a2c39e90264f33305004495a9","hash":"fabccd29dd4806802a03146574409a37ae1af9a5"}
,"/home/kushas/Documents/Blinklist-app/src/components/molecules/tabs/index.stories.tsx": {"path":"/home/kushas/Documents/Blinklist-app/src/components/molecules/tabs/index.stories.tsx","statementMap":{"0":{"start":{"line":3,"column":22},"end":{"line":6,"column":31}},"1":{"start":{"line":8,"column":54},"end":{"line":8,"column":86}},"2":{"start":{"line":8,"column":68},"end":{"line":8,"column":86}},"3":{"start":{"line":11,"column":16},"end":{"line":24,"column":1}},"4":{"start":{"line":26,"column":0},"end":{"line":31,"column":1}}},"fnMap":{"0":{"name":"(anonymous_0)","decl":{"start":{"line":8,"column":54},"end":{"line":8,"column":55}},"loc":{"start":{"line":8,"column":68},"end":{"line":8,"column":86}},"line":8}},"branchMap":{},"s":{"0":0,"1":0,"2":0,"3":0,"4":0},"f":{"0":0},"b":{}}
,"/home/kushas/Documents/Blinklist-app/src/components/molecules/tabs/index.tsx": {"path":"/home/kushas/Documents/Blinklist-app/src/components/molecules/tabs/index.tsx","statementMap":{"0":{"start":{"line":9,"column":18},"end":{"line":16,"column":3}},"1":{"start":{"line":9,"column":42},"end":{"line":16,"column":1}},"2":{"start":{"line":19,"column":18},"end":{"line":19,"column":29}},"3":{"start":{"line":20,"column":28},"end":{"line":20,"column":71}},"4":{"start":{"line":21,"column":23},"end":{"line":24,"column":3}},"5":{"start":{"line":22,"column":4},"end":{"line":22,"column":23}},"6":{"start":{"line":23,"column":4},"end":{"line":23,"column":33}},"7":{"start":{"line":26,"column":2},"end":{"line":52,"column":4}},"8":{"start":{"line":39,"column":12},"end":{"line":46,"column":14}}},"fnMap":{"0":{"name":"(anonymous_0)","decl":{"start":{"line":9,"column":29},"end":{"line":9,"column":30}},"loc":{"start":{"line":9,"column":42},"end":{"line":16,"column":1}},"line":9},"1":{"name":"TabsWrappedLabel","decl":{"start":{"line":17,"column":24},"end":{"line":17,"column":40}},"loc":{"start":{"line":17,"column":67},"end":{"line":53,"column":1}},"line":17},"2":{"name":"(anonymous_2)","decl":{"start":{"line":21,"column":23},"end":{"line":21,"column":24}},"loc":{"start":{"line":21,"column":74},"end":{"line":24,"column":3}},"line":21},"3":{"name":"(anonymous_3)","decl":{"start":{"line":38,"column":22},"end":{"line":38,"column":23}},"loc":{"start":{"line":38,"column":39},"end":{"line":47,"column":11}},"line":38}},"branchMap":{"0":{"loc":{"start":{"line":20,"column":43},"end":{"line":20,"column":70}},"type":"binary-expr","locations":[{"start":{"line":20,"column":43},"end":{"line":20,"column":50}},{"start":{"line":20,"column":54},"end":{"line":20,"column":70}}],"line":20}},"s":{"0":1,"1":0,"2":0,"3":0,"4":0,"5":0,"6":0,"7":0,"8":0},"f":{"0":0,"1":0,"2":0,"3":0},"b":{"0":[0,0]},"_coverageSchema":"1a1c01bbd47fc00a2c39e90264f33305004495a9","hash":"49548d812db5e75eb776cd383fe16bc7995c7ceb"}
,"/home/kushas/Documents/Blinklist-app/src/components/organisms/Card/index.stories.tsx": {"path":"/home/kushas/Documents/Blinklist-app/src/components/organisms/Card/index.stories.tsx","statementMap":{"0":{"start":{"line":30,"column":22},"end":{"line":38,"column":31}},"1":{"start":{"line":41,"column":48},"end":{"line":41,"column":112}},"2":{"start":{"line":41,"column":62},"end":{"line":41,"column":112}},"3":{"start":{"line":44,"column":23},"end":{"line":44,"column":40}},"4":{"start":{"line":46,"column":0},"end":{"line":57,"column":1}},"5":{"start":{"line":60,"column":24},"end":{"line":60,"column":41}},"6":{"start":{"line":62,"column":0},"end":{"line":71,"column":1}}},"fnMap":{"0":{"name":"(anonymous_0)","decl":{"start":{"line":41,"column":48},"end":{"line":41,"column":49}},"loc":{"start":{"line":41,"column":62},"end":{"line":41,"column":112}},"line":41}},"branchMap":{},"s":{"0":0,"1":0,"2":0,"3":0,"4":0,"5":0,"6":0},"f":{"0":0},"b":{}}
,"/home/kushas/Documents/Blinklist-app/src/components/organisms/Card/index.tsx": {"path":"/home/kushas/Documents/Blinklist-app/src/components/organisms/Card/index.tsx","statementMap":{"0":{"start":{"line":294,"column":15},"end":{"line":333,"column":1}},"1":{"start":{"line":335,"column":22},"end":{"line":439,"column":1}},"2":{"start":{"line":347,"column":38},"end":{"line":347,"column":53}},"3":{"start":{"line":348,"column":52},"end":{"line":348,"column":71}},"4":{"start":{"line":349,"column":28},"end":{"line":351,"column":3}},"5":{"start":{"line":350,"column":4},"end":{"line":350,"column":31}},"6":{"start":{"line":352,"column":2},"end":{"line":438,"column":4}},"7":{"start":{"line":425,"column":28},"end":{"line":425,"column":72}}},"fnMap":{"0":{"name":"(anonymous_0)","decl":{"start":{"line":335,"column":22},"end":{"line":335,"column":23}},"loc":{"start":{"line":346,"column":11},"end":{"line":439,"column":1}},"line":346},"1":{"name":"(anonymous_1)","decl":{"start":{"line":349,"column":28},"end":{"line":349,"column":29}},"loc":{"start":{"line":349,"column":34},"end":{"line":351,"column":3}},"line":349},"2":{"name":"(anonymous_2)","decl":{"start":{"line":425,"column":21},"end":{"line":425,"column":22}},"loc":{"start":{"line":425,"column":28},"end":{"line":425,"column":72}},"line":425}},"branchMap":{"0":{"loc":{"start":{"line":340,"column":2},"end":{"line":340,"column":28}},"type":"default-arg","locations":[{"start":{"line":340,"column":13},"end":{"line":340,"column":28}}],"line":340},"1":{"loc":{"start":{"line":358,"column":10},"end":{"line":358,"column":74}},"type":"cond-expr","locations":[{"start":{"line":358,"column":37},"end":{"line":358,"column":64}},{"start":{"line":358,"column":67},"end":{"line":358,"column":74}}],"line":358},"2":{"loc":{"start":{"line":358,"column":10},"end":{"line":358,"column":34}},"type":"binary-expr","locations":[{"start":{"line":358,"column":10},"end":{"line":358,"column":20}},{"start":{"line":358,"column":24},"end":{"line":358,"column":34}}],"line":358},"3":{"loc":{"start":{"line":378,"column":12},"end":{"line":378,"column":76}},"type":"cond-expr","locations":[{"start":{"line":378,"column":39},"end":{"line":378,"column":66}},{"start":{"line":378,"column":69},"end":{"line":378,"column":76}}],"line":378},"4":{"loc":{"start":{"line":378,"column":12},"end":{"line":378,"column":36}},"type":"binary-expr","locations":[{"start":{"line":378,"column":12},"end":{"line":378,"column":22}},{"start":{"line":378,"column":26},"end":{"line":378,"column":36}}],"line":378},"5":{"loc":{"start":{"line":406,"column":11},"end":{"line":417,"column":11}},"type":"cond-expr","locations":[{"start":{"line":407,"column":12},"end":{"line":414,"column":14}},{"start":{"line":416,"column":12},"end":{"line":416,"column":14}}],"line":406},"6":{"loc":{"start":{"line":421,"column":9},"end":{"line":435,"column":9}},"type":"cond-expr","locations":[{"start":{"line":422,"column":10},"end":{"line":422,"column":70}},{"start":{"line":424,"column":10},"end":{"line":434,"column":16}}],"line":421},"7":{"loc":{"start":{"line":427,"column":24},"end":{"line":427,"column":57}},"type":"cond-expr","locations":[{"start":{"line":427,"column":38},"end":{"line":427,"column":47}},{"start":{"line":427,"column":50},"end":{"line":427,"column":57}}],"line":427},"8":{"loc":{"start":{"line":428,"column":34},"end":{"line":428,"column":66}},"type":"cond-expr","locations":[{"start":{"line":428,"column":47},"end":{"line":428,"column":56}},{"start":{"line":428,"column":59},"end":{"line":428,"column":66}}],"line":428}},"s":{"0":1,"1":1,"2":0,"3":0,"4":0,"5":0,"6":0,"7":0},"f":{"0":0,"1":0,"2":0},"b":{"0":[0],"1":[0,0],"2":[0,0],"3":[0,0],"4":[0,0],"5":[0,0],"6":[0,0],"7":[0,0],"8":[0,0]},"_coverageSchema":"1a1c01bbd47fc00a2c39e90264f33305004495a9","hash":"86ed303a6281634d0dd75914ec22b74d71b301a2"}
,"/home/kushas/Documents/Blinklist-app/src/components/organisms/Explorer/index.stories.tsx": {"path":"/home/kushas/Documents/Blinklist-app/src/components/organisms/Explorer/index.stories.tsx","statementMap":{"0":{"start":{"line":12,"column":60},"end":{"line":12,"column":135}},"1":{"start":{"line":12,"column":74},"end":{"line":12,"column":135}},"2":{"start":{"line":13,"column":25},"end":{"line":13,"column":42}},"3":{"start":{"line":14,"column":2},"end":{"line":14,"column":20}}},"fnMap":{"0":{"name":"(anonymous_0)","decl":{"start":{"line":12,"column":60},"end":{"line":12,"column":61}},"loc":{"start":{"line":12,"column":74},"end":{"line":12,"column":135}},"line":12}},"branchMap":{},"s":{"0":0,"1":0,"2":0,"3":0},"f":{"0":0},"b":{}}
,"/home/kushas/Documents/Blinklist-app/src/components/organisms/Explorer/index.tsx": {"path":"/home/kushas/Documents/Blinklist-app/src/components/organisms/Explorer/index.tsx","statementMap":{"0":{"start":{"line":14,"column":18},"end":{"line":21,"column":3}},"1":{"start":{"line":14,"column":40},"end":{"line":21,"column":1}},"2":{"start":{"line":24,"column":17},"end":{"line":56,"column":2}},"3":{"start":{"line":58,"column":25},"end":{"line":193,"column":1}},"4":{"start":{"line":59,"column":20},"end":{"line":59,"column":30}},"5":{"start":{"line":60,"column":21},"end":{"line":60,"column":32}},"6":{"start":{"line":62,"column":16},"end":{"line":167,"column":5}},"7":{"start":{"line":169,"column":4},"end":{"line":192,"column":5}},"8":{"start":{"line":184,"column":24},"end":{"line":188,"column":34}}},"fnMap":{"0":{"name":"(anonymous_0)","decl":{"start":{"line":14,"column":29},"end":{"line":14,"column":30}},"loc":{"start":{"line":14,"column":40},"end":{"line":21,"column":1}},"line":14},"1":{"name":"(anonymous_1)","decl":{"start":{"line":58,"column":25},"end":{"line":58,"column":26}},"loc":{"start":{"line":58,"column":29},"end":{"line":193,"column":1}},"line":58},"2":{"name":"(anonymous_2)","decl":{"start":{"line":183,"column":30},"end":{"line":183,"column":31}},"loc":{"start":{"line":183,"column":42},"end":{"line":189,"column":21}},"line":183}},"branchMap":{},"s":{"0":1,"1":0,"2":1,"3":1,"4":0,"5":0,"6":0,"7":0,"8":0},"f":{"0":0,"1":0,"2":0},"b":{},"_coverageSchema":"1a1c01bbd47fc00a2c39e90264f33305004495a9","hash":"4d1e80a68dd32f1bf92b0d542fc4e7dfc34dcafb"}
,"/home/kushas/Documents/Blinklist-app/src/components/organisms/Footer/index.stories.tsx": {"path":"/home/kushas/Documents/Blinklist-app/src/components/organisms/Footer/index.stories.tsx","statementMap":{"0":{"start":{"line":10,"column":48},"end":{"line":10,"column":82}},"1":{"start":{"line":10,"column":62},"end":{"line":10,"column":82}},"2":{"start":{"line":11,"column":30},"end":{"line":11,"column":47}},"3":{"start":{"line":12,"column":0},"end":{"line":12,"column":25}}},"fnMap":{"0":{"name":"(anonymous_0)","decl":{"start":{"line":10,"column":48},"end":{"line":10,"column":49}},"loc":{"start":{"line":10,"column":62},"end":{"line":10,"column":82}},"line":10}},"branchMap":{},"s":{"0":0,"1":0,"2":0,"3":0},"f":{"0":0},"b":{}}
,"/home/kushas/Documents/Blinklist-app/src/components/organisms/Footer/index.tsx": {"path":"/home/kushas/Documents/Blinklist-app/src/components/organisms/Footer/index.tsx","statementMap":{"0":{"start":{"line":5,"column":24},"end":{"line":76,"column":1}},"1":{"start":{"line":6,"column":17},"end":{"line":34,"column":5}},"2":{"start":{"line":35,"column":4},"end":{"line":75,"column":5}},"3":{"start":{"line":56,"column":24},"end":{"line":69,"column":31}},"4":{"start":{"line":64,"column":36},"end":{"line":66,"column":49}}},"fnMap":{"0":{"name":"(anonymous_0)","decl":{"start":{"line":5,"column":24},"end":{"line":5,"column":25}},"loc":{"start":{"line":5,"column":37},"end":{"line":76,"column":1}},"line":5},"1":{"name":"(anonymous_1)","decl":{"start":{"line":55,"column":29},"end":{"line":55,"column":30}},"loc":{"start":{"line":55,"column":37},"end":{"line":70,"column":21}},"line":55},"2":{"name":"(anonymous_2)","decl":{"start":{"line":63,"column":48},"end":{"line":63,"column":49}},"loc":{"start":{"line":63,"column":61},"end":{"line":67,"column":33}},"line":63}},"branchMap":{},"s":{"0":1,"1":0,"2":0,"3":0,"4":0},"f":{"0":0,"1":0,"2":0},"b":{},"_coverageSchema":"1a1c01bbd47fc00a2c39e90264f33305004495a9","hash":"4da299254c84b4a5861590c175290cd2d60488e3"}
,"/home/kushas/Documents/Blinklist-app/src/components/organisms/Header/index.stories.tsx": {"path":"/home/kushas/Documents/Blinklist-app/src/components/organisms/Header/index.stories.tsx","statementMap":{"0":{"start":{"line":5,"column":24},"end":{"line":8,"column":33}},"1":{"start":{"line":10,"column":56},"end":{"line":15,"column":1}},"2":{"start":{"line":11,"column":4},"end":{"line":14,"column":5}},"3":{"start":{"line":16,"column":0},"end":{"line":19,"column":1}}},"fnMap":{"0":{"name":"(anonymous_0)","decl":{"start":{"line":10,"column":56},"end":{"line":10,"column":57}},"loc":{"start":{"line":10,"column":70},"end":{"line":15,"column":1}},"line":10}},"branchMap":{},"s":{"0":0,"1":0,"2":0,"3":0},"f":{"0":0},"b":{}}
,"/home/kushas/Documents/Blinklist-app/src/components/organisms/Header/index.tsx": {"path":"/home/kushas/Documents/Blinklist-app/src/components/organisms/Header/index.tsx","statementMap":{"0":{"start":{"line":23,"column":24},"end":{"line":106,"column":1}},"1":{"start":{"line":25,"column":21},"end":{"line":25,"column":42}},"2":{"start":{"line":26,"column":42},"end":{"line":26,"column":56}},"3":{"start":{"line":27,"column":44},"end":{"line":27,"column":58}},"4":{"start":{"line":28,"column":42},"end":{"line":28,"column":57}},"5":{"start":{"line":29,"column":30},"end":{"line":31,"column":7}},"6":{"start":{"line":30,"column":8},"end":{"line":30,"column":44}},"7":{"start":{"line":32,"column":31},"end":{"line":34,"column":5}},"8":{"start":{"line":33,"column":8},"end":{"line":33,"column":45}},"9":{"start":{"line":35,"column":31},"end":{"line":37,"column":5}},"10":{"start":{"line":36,"column":8},"end":{"line":36,"column":29}},"11":{"start":{"line":38,"column":32},"end":{"line":40,"column":5}},"12":{"start":{"line":39,"column":8},"end":{"line":39,"column":30}},"13":{"start":{"line":41,"column":4},"end":{"line":105,"column":6}},"14":{"start":{"line":52,"column":28},"end":{"line":52,"column":49}},"15":{"start":{"line":53,"column":28},"end":{"line":53,"column":55}},"16":{"start":{"line":58,"column":32},"end":{"line":58,"column":52}},"17":{"start":{"line":59,"column":32},"end":{"line":59,"column":58}},"18":{"start":{"line":96,"column":28},"end":{"line":98,"column":39}}},"fnMap":{"0":{"name":"(anonymous_0)","decl":{"start":{"line":23,"column":24},"end":{"line":23,"column":25}},"loc":{"start":{"line":23,"column":41},"end":{"line":106,"column":1}},"line":23},"1":{"name":"(anonymous_1)","decl":{"start":{"line":29,"column":30},"end":{"line":29,"column":31}},"loc":{"start":{"line":29,"column":46},"end":{"line":31,"column":7}},"line":29},"2":{"name":"(anonymous_2)","decl":{"start":{"line":32,"column":31},"end":{"line":32,"column":32}},"loc":{"start":{"line":32,"column":47},"end":{"line":34,"column":5}},"line":32},"3":{"name":"(anonymous_3)","decl":{"start":{"line":35,"column":31},"end":{"line":35,"column":32}},"loc":{"start":{"line":35,"column":37},"end":{"line":37,"column":5}},"line":35},"4":{"name":"(anonymous_4)","decl":{"start":{"line":38,"column":32},"end":{"line":38,"column":33}},"loc":{"start":{"line":38,"column":38},"end":{"line":40,"column":5}},"line":38},"5":{"name":"(anonymous_5)","decl":{"start":{"line":51,"column":75},"end":{"line":51,"column":76}},"loc":{"start":{"line":51,"column":80},"end":{"line":54,"column":26}},"line":51},"6":{"name":"(anonymous_6)","decl":{"start":{"line":57,"column":45},"end":{"line":57,"column":46}},"loc":{"start":{"line":57,"column":51},"end":{"line":60,"column":29}},"line":57},"7":{"name":"(anonymous_7)","decl":{"start":{"line":95,"column":38},"end":{"line":95,"column":39}},"loc":{"start":{"line":96,"column":28},"end":{"line":98,"column":39}},"line":96}},"branchMap":{"0":{"loc":{"start":{"line":49,"column":24},"end":{"line":68,"column":30}},"type":"cond-expr","locations":[{"start":{"line":51,"column":24},"end":{"line":54,"column":31}},{"start":{"line":56,"column":24},"end":{"line":68,"column":30}}],"line":49},"1":{"loc":{"start":{"line":63,"column":265},"end":{"line":63,"column":339}},"type":"cond-expr","locations":[{"start":{"line":63,"column":288},"end":{"line":63,"column":311}},{"start":{"line":63,"column":314},"end":{"line":63,"column":339}}],"line":63}},"s":{"0":1,"1":0,"2":0,"3":0,"4":0,"5":0,"6":0,"7":0,"8":0,"9":0,"10":0,"11":0,"12":0,"13":0,"14":0,"15":0,"16":0,"17":0,"18":0},"f":{"0":0,"1":0,"2":0,"3":0,"4":0,"5":0,"6":0,"7":0},"b":{"0":[0,0],"1":[0,0]},"_coverageSchema":"1a1c01bbd47fc00a2c39e90264f33305004495a9","hash":"ccb3e7c7f69af86c48d468686cf5862a13eefb79"}
}
