{"/home/kushas/Documents/Blinklist-app/src/components/Template/TemplateComponent.tsx": {"path":"/home/kushas/Documents/Blinklist-app/src/components/Template/TemplateComponent.tsx","statementMap":{"0":{"start":{"line":13,"column":26},"end":{"line":108,"column":1}},"1":{"start":{"line":14,"column":44},"end":{"line":14,"column":68}},"2":{"start":{"line":15,"column":40},"end":{"line":15,"column":64}},"3":{"start":{"line":16,"column":28},"end":{"line":19,"column":3}},"4":{"start":{"line":17,"column":4},"end":{"line":17,"column":37}},"5":{"start":{"line":18,"column":4},"end":{"line":18,"column":35}},"6":{"start":{"line":20,"column":28},"end":{"line":20,"column":47}},"7":{"start":{"line":21,"column":26},"end":{"line":21,"column":45}},"8":{"start":{"line":22,"column":32},"end":{"line":22,"column":51}},"9":{"start":{"line":23,"column":2},"end":{"line":36,"column":9}},"10":{"start":{"line":24,"column":22},"end":{"line":34,"column":5}},"11":{"start":{"line":25,"column":21},"end":{"line":25,"column":63}},"12":{"start":{"line":26,"column":18},"end":{"line":26,"column":39}},"13":{"start":{"line":27,"column":6},"end":{"line":27,"column":21}},"14":{"start":{"line":28,"column":6},"end":{"line":28,"column":62}},"15":{"start":{"line":29,"column":21},"end":{"line":29,"column":42}},"16":{"start":{"line":30,"column":6},"end":{"line":30,"column":27}},"17":{"start":{"line":31,"column":6},"end":{"line":31,"column":60}},"18":{"start":{"line":32,"column":19},"end":{"line":32,"column":40}},"19":{"start":{"line":33,"column":6},"end":{"line":33,"column":23}},"20":{"start":{"line":35,"column":4},"end":{"line":35,"column":16}},"21":{"start":{"line":38,"column":2},"end":{"line":107,"column":4}}},"fnMap":{"0":{"name":"(anonymous_0)","decl":{"start":{"line":13,"column":26},"end":{"line":13,"column":27}},"loc":{"start":{"line":13,"column":32},"end":{"line":108,"column":1}},"line":13},"1":{"name":"(anonymous_1)","decl":{"start":{"line":16,"column":28},"end":{"line":16,"column":29}},"loc":{"start":{"line":16,"column":34},"end":{"line":19,"column":3}},"line":16},"2":{"name":"(anonymous_2)","decl":{"start":{"line":23,"column":12},"end":{"line":23,"column":13}},"loc":{"start":{"line":23,"column":18},"end":{"line":36,"column":3}},"line":23},"3":{"name":"(anonymous_3)","decl":{"start":{"line":24,"column":22},"end":{"line":24,"column":23}},"loc":{"start":{"line":24,"column":34},"end":{"line":34,"column":5}},"line":24}},"branchMap":{"0":{"loc":{"start":{"line":38,"column":9},"end":{"line":107,"column":3}},"type":"cond-expr","locations":[{"start":{"line":39,"column":4},"end":{"line":48,"column":16}},{"start":{"line":50,"column":4},"end":{"line":106,"column":10}}],"line":38},"1":{"loc":{"start":{"line":38,"column":9},"end":{"line":38,"column":36}},"type":"binary-expr","locations":[{"start":{"line":38,"column":9},"end":{"line":38,"column":14}},{"start":{"line":38,"column":18},"end":{"line":38,"column":26}},{"start":{"line":38,"column":30},"end":{"line":38,"column":36}}],"line":38},"2":{"loc":{"start":{"line":102,"column":11},"end":{"line":102,"column":44}},"type":"cond-expr","locations":[{"start":{"line":102,"column":27},"end":{"line":102,"column":38}},{"start":{"line":102,"column":41},"end":{"line":102,"column":44}}],"line":102},"3":{"loc":{"start":{"line":105,"column":7},"end":{"line":105,"column":35}},"type":"cond-expr","locations":[{"start":{"line":105,"column":21},"end":{"line":105,"column":30}},{"start":{"line":105,"column":33},"end":{"line":105,"column":35}}],"line":105}},"s":{"0":1,"1":1,"2":1,"3":1,"4":0,"5":0,"6":1,"7":1,"8":1,"9":1,"10":1,"11":1,"12":0,"13":0,"14":0,"15":0,"16":0,"17":0,"18":0,"19":0,"20":1,"21":1},"f":{"0":1,"1":0,"2":1,"3":1},"b":{"0":[1,0],"1":[1,0,0],"2":[0,0],"3":[0,0]},"_coverageSchema":"1a1c01bbd47fc00a2c39e90264f33305004495a9","hash":"8c2b4ae9ffe801d79c99769f47acc3e91a9ab131"}
}
