TN:
SF:src/App.tsx
FN:13,App
FNF:1
FNH:1
FNDA:1,App
DA:14,1
LF:1
LH:1
BRF:0
BRH:0
end_of_record
TN:
SF:src/Themes/main.tsx
FNF:0
FNH:0
DA:58,8
LF:1
LH:1
BRF:0
BRH:0
end_of_record
TN:
SF:src/Themes/tabsTheme.tsx
FNF:0
FNH:0
DA:2,5
LF:1
LH:1
BRF:0
BRH:0
end_of_record
TN:
SF:src/Themes/theme.tsx
FNF:0
FNH:0
DA:3,15
LF:1
LH:1
BRF:0
BRH:0
end_of_record
TN:
SF:src/components/Pages/BookInfoPage/index.tsx
FN:74,(anonymous_0)
FN:95,(anonymous_1)
FN:98,(anonymous_2)
FN:109,(anonymous_3)
FN:110,(anonymous_4)
FN:119,(anonymous_5)
FN:123,(anonymous_6)
FN:142,(anonymous_7)
FNF:8
FNH:6
FNDA:13,(anonymous_0)
FNDA:2,(anonymous_1)
FNDA:4,(anonymous_2)
FNDA:4,(anonymous_3)
FNDA:4,(anonymous_4)
FNDA:0,(anonymous_5)
FNDA:0,(anonymous_6)
FNDA:5,(anonymous_7)
DA:15,3
DA:74,3
DA:75,13
DA:76,13
DA:77,13
DA:91,13
DA:92,13
DA:94,13
DA:95,13
DA:96,2
DA:98,13
DA:99,4
DA:100,12
DA:102,12
DA:103,0
DA:104,0
DA:107,4
DA:109,13
DA:110,4
DA:111,4
DA:112,4
DA:113,4
DA:115,4
DA:116,4
DA:119,13
DA:120,0
DA:121,0
DA:123,0
DA:125,0
DA:126,0
DA:127,0
DA:128,0
DA:129,0
DA:136,0
DA:137,0
DA:139,0
DA:142,13
DA:143,5
DA:144,3
DA:158,2
DA:159,1
DA:166,1
DA:167,1
DA:176,13
LF:44
LH:31
BRDA:102,0,0,0
BRDA:102,0,1,12
BRDA:143,1,0,3
BRDA:143,1,1,2
BRDA:158,2,0,1
BRDA:158,2,1,1
BRDA:166,3,0,1
BRDA:166,3,1,0
BRDA:176,4,0,8
BRDA:176,4,1,5
BRDA:234,5,0,0
BRDA:234,5,1,5
BRF:12
BRH:9
end_of_record
TN:
SF:src/components/Pages/EntrepreneurPage/index.tsx
FN:35,(anonymous_0)
FN:45,(anonymous_1)
FN:46,(anonymous_2)
FN:58,(anonymous_3)
FN:78,(anonymous_4)
FN:94,(anonymous_5)
FN:104,(anonymous_6)
FNF:7
FNH:6
FNDA:4,(anonymous_0)
FNDA:36,(anonymous_1)
FNDA:63,(anonymous_2)
FNDA:1,(anonymous_3)
FNDA:0,(anonymous_4)
FNDA:12,(anonymous_5)
FNDA:36,(anonymous_6)
DA:11,3
DA:35,3
DA:44,4
DA:45,4
DA:46,36
DA:47,63
DA:48,204
DA:49,24
DA:52,39
DA:54,36
DA:55,36
DA:58,4
DA:59,1
DA:60,1
DA:64,1
DA:65,1
DA:66,1
DA:73,0
DA:75,0
DA:76,0
DA:78,0
DA:81,0
DA:84,4
DA:95,12
DA:105,36
DA:106,36
DA:107,36
LF:27
LH:22
BRDA:48,0,0,24
BRDA:48,0,1,180
BRDA:55,1,0,9
BRDA:55,1,1,27
BRDA:101,2,0,3
BRDA:101,2,1,9
BRF:6
BRH:6
end_of_record
TN:
SF:src/components/Pages/MyLibrary/index.tsx
FN:17,(anonymous_0)
FN:32,(anonymous_1)
FN:36,(anonymous_2)
FN:40,(anonymous_3)
FN:62,(anonymous_4)
FNF:5
FNH:5
FNDA:5,(anonymous_0)
FNDA:1,(anonymous_1)
FNDA:5,(anonymous_2)
FNDA:9,(anonymous_3)
FNDA:5,(anonymous_4)
DA:9,3
DA:17,3
DA:18,5
DA:19,5
DA:21,5
DA:31,5
DA:32,5
DA:33,1
DA:36,5
DA:37,5
DA:38,1
DA:39,4
DA:40,3
DA:41,9
DA:42,9
DA:60,1
DA:62,1
DA:63,5
DA:64,5
DA:84,5
LF:20
LH:20
BRDA:37,0,0,1
BRDA:37,0,1,4
BRDA:39,1,0,3
BRDA:39,1,1,1
BRDA:43,2,0,9
BRDA:43,2,1,9
BRDA:60,3,0,1
BRDA:60,3,1,0
BRF:8
BRH:7
end_of_record
TN:
SF:src/components/Template/TemplateComponent.tsx
FN:13,(anonymous_0)
FN:16,(anonymous_1)
FN:23,(anonymous_2)
FN:24,(anonymous_3)
FNF:4
FNH:3
FNDA:2,(anonymous_0)
FNDA:0,(anonymous_1)
FNDA:1,(anonymous_2)
FNDA:1,(anonymous_3)
DA:13,2
DA:14,2
DA:15,2
DA:16,2
DA:17,0
DA:18,0
DA:20,2
DA:21,2
DA:22,2
DA:23,2
DA:24,1
DA:25,1
DA:26,0
DA:27,0
DA:28,0
DA:29,0
DA:30,0
DA:31,0
DA:32,0
DA:33,0
DA:35,1
DA:38,2
LF:22
LH:12
BRDA:38,0,0,2
BRDA:38,0,1,0
BRDA:38,1,0,2
BRDA:38,1,1,0
BRDA:38,1,2,0
BRDA:102,2,0,0
BRDA:102,2,1,0
BRDA:105,3,0,0
BRDA:105,3,1,0
BRF:9
BRH:2
end_of_record
TN:
SF:src/components/atoms/Avatar/index.tsx
FN:5,AvatarComp
FNF:1
FNH:1
FNDA:2,AvatarComp
DA:6,2
LF:1
LH:1
BRF:0
BRH:0
end_of_record
TN:
SF:src/components/atoms/Blank/index.tsx
FN:4,(anonymous_0)
FNF:1
FNH:1
FNDA:1,(anonymous_0)
DA:4,3
DA:5,1
LF:2
LH:2
BRF:0
BRH:0
end_of_record
TN:
SF:src/components/atoms/Button/index.tsx
FN:7,(anonymous_0)
FNF:1
FNH:1
FNDA:15,(anonymous_0)
DA:7,5
DA:8,15
LF:2
LH:2
BRF:0
BRH:0
end_of_record
TN:
SF:src/components/atoms/Icon/index.tsx
FN:19,(anonymous_0)
FNF:1
FNH:1
FNDA:127,(anonymous_0)
DA:19,8
DA:20,127
LF:2
LH:2
BRF:0
BRH:0
end_of_record
TN:
SF:src/components/atoms/Input/index.tsx
FN:3,(anonymous_0)
FNF:1
FNH:1
FNDA:10,(anonymous_0)
DA:3,6
DA:4,10
DA:5,10
LF:3
LH:3
BRF:0
BRH:0
end_of_record
TN:
SF:src/components/atoms/ProgressBar/index.tsx
FN:11,(anonymous_0)
FNF:1
FNH:1
FNDA:42,(anonymous_0)
DA:4,6
DA:11,6
DA:12,42
LF:3
LH:3
BRF:0
BRH:0
end_of_record
TN:
SF:src/components/atoms/Typography/index.tsx
FN:25,(anonymous_0)
FNF:1
FNH:1
FNDA:436,(anonymous_0)
DA:25,14
DA:26,436
LF:2
LH:2
BRF:0
BRH:0
end_of_record
TN:
SF:src/components/atoms/images/index.tsx
FN:19,Image
FNF:1
FNH:1
FNDA:69,Image
DA:20,69
LF:1
LH:1
BRF:0
BRH:0
end_of_record
TN:
SF:src/components/molecules/Banner1/index.tsx
FN:10,Banner1
FNF:1
FNH:1
FNDA:5,Banner1
DA:11,5
LF:1
LH:1
BRF:0
BRH:0
end_of_record
TN:
SF:src/components/molecules/Logo/index.tsx
FN:6,(anonymous_0)
FNF:1
FNH:1
FNDA:3,(anonymous_0)
DA:6,5
DA:8,3
LF:2
LH:2
BRDA:7,0,0,2
BRF:1
BRH:1
end_of_record
TN:
SF:src/components/molecules/NavIcon/index.tsx
FN:4,(anonymous_0)
FN:7,(anonymous_1)
FNF:2
FNH:2
FNDA:137,(anonymous_0)
FNDA:2,(anonymous_1)
DA:4,4
DA:5,137
DA:7,137
DA:8,2
DA:10,137
LF:5
LH:5
BRDA:21,0,0,136
BRDA:21,0,1,1
BRDA:27,1,0,1
BRDA:27,1,1,136
BRDA:31,2,0,1
BRDA:31,2,1,136
BRF:6
BRH:6
end_of_record
TN:
SF:src/components/molecules/Search/index.tsx
FN:7,(anonymous_0)
FN:9,(anonymous_1)
FN:14,(anonymous_2)
FN:26,(anonymous_3)
FN:72,(anonymous_4)
FNF:5
FNH:5
FNDA:4,(anonymous_0)
FNDA:1,(anonymous_1)
FNDA:12,(anonymous_2)
FNDA:2,(anonymous_3)
FNDA:2,(anonymous_4)
DA:7,4
DA:8,4
DA:9,3
DA:10,1
DA:11,1
DA:12,1
DA:15,12
DA:16,94
DA:21,2
DA:24,10
DA:27,2
DA:35,3
DA:73,2
LF:13
LH:13
BRDA:16,0,0,2
BRDA:16,0,1,92
BRDA:17,1,0,94
BRDA:17,1,1,94
BRDA:17,1,2,82
BRDA:71,2,0,3
BRDA:71,2,1,1
BRF:7
BRH:7
end_of_record
TN:
SF:src/components/molecules/tabs/index.tsx
FN:9,(anonymous_0)
FN:17,TabsWrappedLabel
FN:21,(anonymous_2)
FN:38,(anonymous_3)
FNF:4
FNH:4
FNDA:9,(anonymous_0)
FNDA:13,TabsWrappedLabel
FNDA:4,(anonymous_2)
FNDA:31,(anonymous_3)
DA:9,9
DA:19,13
DA:20,13
DA:21,13
DA:22,4
DA:23,4
DA:26,13
DA:39,31
LF:8
LH:8
BRDA:20,0,0,13
BRDA:20,0,1,13
BRF:2
BRH:2
end_of_record
TN:
SF:src/components/organisms/Card/index.tsx
FN:54,(anonymous_0)
FN:68,(anonymous_1)
FN:145,(anonymous_2)
FNF:3
FNH:3
FNDA:60,(anonymous_0)
FNDA:2,(anonymous_1)
FNDA:2,(anonymous_2)
DA:13,5
DA:54,5
DA:66,60
DA:67,60
DA:68,60
DA:69,2
DA:71,60
DA:145,2
LF:8
LH:8
BRDA:59,0,0,0
BRDA:77,1,0,2
BRDA:77,1,1,58
BRDA:77,2,0,60
BRDA:77,2,1,21
BRDA:97,3,0,2
BRDA:97,3,1,58
BRDA:97,4,0,60
BRDA:97,4,1,21
BRDA:126,5,0,40
BRDA:126,5,1,20
BRDA:141,6,0,40
BRDA:141,6,1,20
BRDA:148,7,0,18
BRDA:148,7,1,2
BRDA:149,8,0,2
BRDA:149,8,1,18
BRF:17
BRH:16
end_of_record
TN:
SF:src/components/organisms/Explorer/index.tsx
FN:14,(anonymous_0)
FN:58,(anonymous_1)
FN:183,(anonymous_2)
FNF:3
FNH:3
FNDA:5,(anonymous_0)
FNDA:6,(anonymous_1)
FNDA:130,(anonymous_2)
DA:14,5
DA:24,3
DA:58,3
DA:59,6
DA:60,5
DA:62,5
DA:169,5
DA:184,130
LF:8
LH:8
BRF:0
BRH:0
end_of_record
TN:
SF:src/components/organisms/Footer/index.tsx
FN:5,(anonymous_0)
FN:55,(anonymous_1)
FN:63,(anonymous_2)
FNF:3
FNH:3
FNDA:2,(anonymous_0)
FNDA:6,(anonymous_1)
FNDA:24,(anonymous_2)
DA:5,3
DA:6,2
DA:35,2
DA:56,6
DA:64,24
LF:5
LH:5
BRF:0
BRH:0
end_of_record
TN:
SF:src/components/organisms/Header/index.tsx
FN:18,(anonymous_0)
FN:23,(anonymous_1)
FN:26,(anonymous_2)
FN:29,(anonymous_3)
FN:32,(anonymous_4)
FN:61,(anonymous_5)
FN:69,(anonymous_6)
FN:146,(anonymous_7)
FNF:8
FNH:2
FNDA:1,(anonymous_0)
FNDA:0,(anonymous_1)
FNDA:0,(anonymous_2)
FNDA:0,(anonymous_3)
FNDA:0,(anonymous_4)
FNDA:0,(anonymous_5)
FNDA:0,(anonymous_6)
FNDA:2,(anonymous_7)
DA:18,3
DA:19,1
DA:20,1
DA:21,1
DA:22,1
DA:23,1
DA:24,0
DA:26,1
DA:27,0
DA:29,1
DA:30,0
DA:32,1
DA:33,0
DA:35,1
DA:62,0
DA:63,0
DA:70,0
DA:71,0
DA:147,2
LF:19
LH:11
BRDA:58,0,0,0
BRDA:58,0,1,1
BRDA:99,1,0,0
BRDA:99,1,1,1
BRF:4
BRH:2
end_of_record
